--------------------------------------------------------------------------------
日期：29-十一月-2019_13-48-53
--------------------------------------------------------------------------------
正在加载项目：“d6st”
文件加载错误：找不到文件“foundation_template.xml”（位于“null”中，由“C:\Users\infodba\Desktop\BMIDE\d6st\extensions\dependency.xml”引用）。
模型错误： C:\Users\infodba\Desktop\BMIDE\d6st\extensions\default.xml 行：17 列：14 Library 中存在未定义的发行版 tc9000.1.0 (createRelease)。 ( 模板名称：“d6st” )
模型错误： C:\Users\infodba\Desktop\BMIDE\d6st\extensions\default.xml 行：209 列：72 无法加载类“D6ManHourEntry”，因为父类“WorkspaceObject”不存在。未在模型中定义类“WorkspaceObject”或者未能加载类“WorkspaceObject”。 ( 模板名称：“d6st” )
模型错误： C:\Users\infodba\Desktop\BMIDE\d6st\extensions\default.xml 行：287 列：72 无法加载类“D6MheTask”，因为父类“WorkspaceObject”不存在。未在模型中定义类“WorkspaceObject”或者未能加载类“WorkspaceObject”。 ( 模板名称：“d6st” )
模型错误： C:\Users\infodba\Desktop\BMIDE\d6st\extensions\default.xml 行：19 列：105 ServiceInterface 中存在未定义的发行版 tc9000.1.0 (createRelease)。 ( 模板名称：“d6st” )
模型错误： C:\Users\infodba\Desktop\BMIDE\d6st\extensions\default.xml 行：31 列：13 Struct 中存在未定义的发行版 tc9000.1.0 (createRelease)。 ( 模板名称：“d6st” )
模型错误： C:\Users\infodba\Desktop\BMIDE\d6st\extensions\default.xml 行：94 列：13 Struct 中存在未定义的发行版 tc9000.1.0 (createRelease)。 ( 模板名称：“d6st” )
模型错误： C:\Users\infodba\Desktop\BMIDE\d6st\extensions\default.xml 行：102 列：13 Struct 中存在未定义的发行版 tc9000.1.0 (createRelease)。 ( 模板名称：“d6st” )
模型错误： C:\Users\infodba\Desktop\BMIDE\d6st\extensions\default.xml 行：141 列：13 Struct 中存在未定义的发行版 tc9000.1.0 (createRelease)。 ( 模板名称：“d6st” )
模型错误： C:\Users\infodba\Desktop\BMIDE\d6st\extensions\default.xml 行：162 列：13 Struct 中存在未定义的发行版 tc9000.1.0 (createRelease)。 ( 模板名称：“d6st” )
模型错误： C:\Users\infodba\Desktop\BMIDE\d6st\extensions\default.xml 行：207 列：13 Struct 中存在未定义的发行版 tc9000.1.0 (createRelease)。 ( 模板名称：“d6st” )
模型错误： C:\Users\infodba\Desktop\BMIDE\d6st\extensions\default.xml 行：214 列：50 无法加载属性（类 =“D6ManHourEntry”，属性 =“d6BillType”），因为类“D6ManHourEntry”不存在。未在模型中定义类“D6ManHourEntry”或者未能加载类“D6ManHourEntry”。 ( 模板名称：“d6st” )
模型错误： C:\Users\infodba\Desktop\BMIDE\d6st\extensions\default.xml 行：219 列：50 无法加载属性（类 =“D6ManHourEntry”，属性 =“d6Holiday”），因为类“D6ManHourEntry”不存在。未在模型中定义类“D6ManHourEntry”或者未能加载类“D6ManHourEntry”。 ( 模板名称：“d6st” )
模型错误： C:\Users\infodba\Desktop\BMIDE\d6st\extensions\default.xml 行：224 列：50 无法加载属性（类 =“D6ManHourEntry”，属性 =“d6UserName”），因为类“D6ManHourEntry”不存在。未在模型中定义类“D6ManHourEntry”或者未能加载类“D6ManHourEntry”。 ( 模板名称：“d6st” )
模型错误： C:\Users\infodba\Desktop\BMIDE\d6st\extensions\default.xml 行：229 列：50 无法加载属性（类 =“D6ManHourEntry”，属性 =“d6WorkingHours”），因为类“D6ManHourEntry”不存在。未在模型中定义类“D6ManHourEntry”或者未能加载类“D6ManHourEntry”。 ( 模板名称：“d6st” )
模型错误： C:\Users\infodba\Desktop\BMIDE\d6st\extensions\default.xml 行：234 列：50 无法加载属性（类 =“D6ManHourEntry”，属性 =“d6WorkRequired”），因为类“D6ManHourEntry”不存在。未在模型中定义类“D6ManHourEntry”或者未能加载类“D6ManHourEntry”。 ( 模板名称：“d6st” )
模型错误： C:\Users\infodba\Desktop\BMIDE\d6st\extensions\default.xml 行：239 列：50 无法加载属性（类 =“D6ManHourEntry”，属性 =“d6DayOfWeek”），因为类“D6ManHourEntry”不存在。未在模型中定义类“D6ManHourEntry”或者未能加载类“D6ManHourEntry”。 ( 模板名称：“d6st” )
模型错误： C:\Users\infodba\Desktop\BMIDE\d6st\extensions\default.xml 行：244 列：50 无法加载属性（类 =“D6ManHourEntry”，属性 =“d6Month”），因为类“D6ManHourEntry”不存在。未在模型中定义类“D6ManHourEntry”或者未能加载类“D6ManHourEntry”。 ( 模板名称：“d6st” )
模型错误： C:\Users\infodba\Desktop\BMIDE\d6st\extensions\default.xml 行：249 列：50 无法加载属性（类 =“D6ManHourEntry”，属性 =“d6Year”），因为类“D6ManHourEntry”不存在。未在模型中定义类“D6ManHourEntry”或者未能加载类“D6ManHourEntry”。 ( 模板名称：“d6st” )
模型错误： C:\Users\infodba\Desktop\BMIDE\d6st\extensions\default.xml 行：254 列：50 无法加载属性（类 =“D6ManHourEntry”，属性 =“d6Day”），因为类“D6ManHourEntry”不存在。未在模型中定义类“D6ManHourEntry”或者未能加载类“D6ManHourEntry”。 ( 模板名称：“d6st” )
模型错误： C:\Users\infodba\Desktop\BMIDE\d6st\extensions\default.xml 行：259 列：50 无法加载属性（类 =“D6ManHourEntry”，属性 =“d6RefTE”），因为类“D6ManHourEntry”不存在。未在模型中定义类“D6ManHourEntry”或者未能加载类“D6ManHourEntry”。 ( 模板名称：“d6st” )
模型错误： C:\Users\infodba\Desktop\BMIDE\d6st\extensions\default.xml 行：264 列：50 无法加载属性（类 =“D6ManHourEntry”，属性 =“d6PrjName”），因为类“D6ManHourEntry”不存在。未在模型中定义类“D6ManHourEntry”或者未能加载类“D6ManHourEntry”。 ( 模板名称：“d6st” )
模型错误： C:\Users\infodba\Desktop\BMIDE\d6st\extensions\default.xml 行：269 列：50 无法加载属性（类 =“D6ManHourEntry”，属性 =“d6PrjId”），因为类“D6ManHourEntry”不存在。未在模型中定义类“D6ManHourEntry”或者未能加载类“D6ManHourEntry”。 ( 模板名称：“d6st” )
模型错误： C:\Users\infodba\Desktop\BMIDE\d6st\extensions\default.xml 行：274 列：50 无法加载属性（类 =“D6ManHourEntry”，属性 =“d6TaskType”），因为类“D6ManHourEntry”不存在。未在模型中定义类“D6ManHourEntry”或者未能加载类“D6ManHourEntry”。 ( 模板名称：“d6st” )
模型错误： C:\Users\infodba\Desktop\BMIDE\d6st\extensions\default.xml 行：279 列：50 无法加载属性（类 =“D6ManHourEntry”，属性 =“d6RefBR”），因为类“D6ManHourEntry”不存在。未在模型中定义类“D6ManHourEntry”或者未能加载类“D6ManHourEntry”。 ( 模板名称：“d6st” )
模型错误： C:\Users\infodba\Desktop\BMIDE\d6st\extensions\default.xml 行：284 列：50 无法加载属性（类 =“D6ManHourEntry”，属性 =“d6TaskTypeDval”），因为类“D6ManHourEntry”不存在。未在模型中定义类“D6ManHourEntry”或者未能加载类“D6ManHourEntry”。 ( 模板名称：“d6st” )
模型错误： C:\Users\infodba\Desktop\BMIDE\d6st\extensions\default.xml 行：292 列：50 无法加载属性（类 =“D6MheTask”，属性 =“d6TaskType”），因为类“D6MheTask”不存在。未在模型中定义类“D6MheTask”或者未能加载类“D6MheTask”。 ( 模板名称：“d6st” )
模型错误： C:\Users\infodba\Desktop\BMIDE\d6st\extensions\default.xml 行：297 列：50 无法加载属性（类 =“D6MheTask”，属性 =“d6PrjId”），因为类“D6MheTask”不存在。未在模型中定义类“D6MheTask”或者未能加载类“D6MheTask”。 ( 模板名称：“d6st” )
模型错误： C:\Users\infodba\Desktop\BMIDE\d6st\extensions\default.xml 行：302 列：50 无法加载属性（类 =“D6MheTask”，属性 =“d6PrjName”），因为类“D6MheTask”不存在。未在模型中定义类“D6MheTask”或者未能加载类“D6MheTask”。 ( 模板名称：“d6st” )
模型错误： C:\Users\infodba\Desktop\BMIDE\d6st\extensions\default.xml 行：307 列：50 无法加载属性（类 =“D6MheTask”，属性 =“d6UserName”），因为类“D6MheTask”不存在。未在模型中定义类“D6MheTask”或者未能加载类“D6MheTask”。 ( 模板名称：“d6st” )
模型错误： C:\Users\infodba\Desktop\BMIDE\d6st\extensions\default.xml 行：312 列：50 无法加载属性（类 =“D6MheTask”，属性 =“d6PrjStartDate”），因为类“D6MheTask”不存在。未在模型中定义类“D6MheTask”或者未能加载类“D6MheTask”。 ( 模板名称：“d6st” )
模型错误： C:\Users\infodba\Desktop\BMIDE\d6st\extensions\default.xml 行：317 列：50 无法加载属性（类 =“D6MheTask”，属性 =“d6PrjEndDate”），因为类“D6MheTask”不存在。未在模型中定义类“D6MheTask”或者未能加载类“D6MheTask”。 ( 模板名称：“d6st” )
模型错误： C:\Users\infodba\Desktop\BMIDE\d6st\extensions\default.xml 行：322 列：50 无法加载属性（类 =“D6MheTask”，属性 =“d6Status”），因为类“D6MheTask”不存在。未在模型中定义类“D6MheTask”或者未能加载类“D6MheTask”。 ( 模板名称：“d6st” )
模型错误： C:\Users\infodba\Desktop\BMIDE\d6st\extensions\default.xml 行：326 列：106 无法加载属性（类 =“D6MheTask”，属性 =“d6Schedule_tag”），因为类“D6MheTask”不存在。未在模型中定义类“D6MheTask”或者未能加载类“D6MheTask”。 ( 模板名称：“d6st” )
模型错误： C:\Users\infodba\Desktop\BMIDE\d6st\extensions\default.xml 行：331 列：50 无法加载属性（类 =“D6MheTask”，属性 =“d6TaskTypeDval”），因为类“D6MheTask”不存在。未在模型中定义类“D6MheTask”或者未能加载类“D6MheTask”。 ( 模板名称：“d6st” )
模型错误： C:\Users\infodba\Desktop\BMIDE\d6st\extensions\default.xml 行：337 列：107 无法加载属性（类 =“TimeSheetEntry”，属性 =“d6MheTask_tag”），因为类“TimeSheetEntry”不存在。未在模型中定义类“TimeSheetEntry”或者未能加载类“TimeSheetEntry”。 ( 模板名称：“d6st” )
模型错误： C:\Users\infodba\Desktop\BMIDE\d6st\extensions\default.xml 行：476 列：87 未定义的业务对象“WorkspaceObject”(parentTypeName) 存在于 TcStandardType 元素中。 ( 模板名称：“d6st” )
模型错误： C:\Users\infodba\Desktop\BMIDE\d6st\extensions\default.xml 行：478 列：77 未定义的业务对象“WorkspaceObject”(parentTypeName) 存在于 TcStandardType 元素中。 ( 模板名称：“d6st” )
模型错误： C:\Users\infodba\Desktop\BMIDE\d6st\extensions\default.xml 行：540 列：84 常量名称“Fnd0SelectedLocales”未定义。 ( 模板名称：“d6st” )
模型错误： C:\Users\infodba\Desktop\BMIDE\d6st\extensions\default.xml 行：621 列：12 未定义的业务对象“ListOfValuesString”(lovType) 存在于 TcLOV 元素中。 ( 模板名称：“d6st” )
模型错误： C:\Users\infodba\Desktop\BMIDE\d6st\extensions\default.xml 行：625 列：12 未定义的业务对象“ListOfValuesString”(lovType) 存在于 TcLOV 元素中。 ( 模板名称：“d6st” )
模型错误： C:\Users\infodba\Desktop\BMIDE\d6st\extensions\default.xml 行：637 列：12 未定义的业务对象“ListOfValuesString”(lovType) 存在于 TcLOV 元素中。 ( 模板名称：“d6st” )
模型错误： C:\Users\infodba\Desktop\BMIDE\d6st\extensions\default.xml 行：639 列：67 TcLOVValueSubLOVAttach 元素中存在未定义的 LOV“D6_YFAS_TaskType”（“targetLOVName”） ( 模板名称：“d6st” )
模型错误： C:\Users\infodba\Desktop\BMIDE\d6st\extensions\default.xml 行：641 列：67 TcLOVValueSubLOVAttach 元素中存在未定义的 LOV“D6_YFAS_TaskType”（“targetLOVName”） ( 模板名称：“d6st” )
模型错误： C:\Users\infodba\Desktop\BMIDE\d6st\extensions\default.xml 行：643 列：67 TcLOVValueSubLOVAttach 元素中存在未定义的 LOV“D6_YFAS_TaskType”（“targetLOVName”） ( 模板名称：“d6st” )
模型错误： C:\Users\infodba\Desktop\BMIDE\d6st\extensions\default.xml 行：645 列：67 TcLOVValueSubLOVAttach 元素中存在未定义的 LOV“D6_YFAS_TaskType”（“targetLOVName”） ( 模板名称：“d6st” )
模型错误： C:\Users\infodba\Desktop\BMIDE\d6st\extensions\default.xml 行：647 列：70 TcLOVValueSubLOVAttach 元素中存在未定义的 LOV“D6_YFAS_TaskType”（“targetLOVName”） ( 模板名称：“d6st” )
模型错误： C:\Users\infodba\Desktop\BMIDE\d6st\extensions\default.xml 行：649 列：67 TcLOVValueSubLOVAttach 元素中存在未定义的 LOV“D6_YFAS_TaskType”（“targetLOVName”） ( 模板名称：“d6st” )
模型错误： C:\Users\infodba\Desktop\BMIDE\d6st\extensions\default.xml 行：651 列：67 TcLOVValueSubLOVAttach 元素中存在未定义的 LOV“D6_YFAS_TaskType”（“targetLOVName”） ( 模板名称：“d6st” )
模型错误： C:\Users\infodba\Desktop\BMIDE\d6st\extensions\default.xml 行：653 列：70 TcLOVValueSubLOVAttach 元素中存在未定义的 LOV“D6_YFAS_TaskType”（“targetLOVName”） ( 模板名称：“d6st” )
模型错误： C:\Users\infodba\Desktop\BMIDE\d6st\extensions\default.xml 行：655 列：70 TcLOVValueSubLOVAttach 元素中存在未定义的 LOV“D6_YFAS_TaskType”（“targetLOVName”） ( 模板名称：“d6st” )
模型错误： C:\Users\infodba\Desktop\BMIDE\d6st\extensions\default.xml 行：657 列：67 TcLOVValueSubLOVAttach 元素中存在未定义的 LOV“D6_YFAS_TaskType”（“targetLOVName”） ( 模板名称：“d6st” )
模型错误： C:\Users\infodba\Desktop\BMIDE\d6st\extensions\default.xml 行：659 列：70 TcLOVValueSubLOVAttach 元素中存在未定义的 LOV“D6_YFAS_TaskType”（“targetLOVName”） ( 模板名称：“d6st” )
模型错误： C:\Users\infodba\Desktop\BMIDE\d6st\extensions\default.xml 行：541 列：107 常量名称“CreateInput”未定义。 ( 模板名称：“d6st” )
模型错误： C:\Users\infodba\Desktop\BMIDE\d6st\extensions\default.xml 行：542 列：97 常量名称“CreateInput”未定义。 ( 模板名称：“d6st” )
模型错误： C:\Users\infodba\Desktop\BMIDE\d6st\extensions\default.xml 行：543 列：107 常量名称“SaveAsInput”未定义。 ( 模板名称：“d6st” )
模型错误： C:\Users\infodba\Desktop\BMIDE\d6st\extensions\default.xml 行：544 列：97 常量名称“SaveAsInput”未定义。 ( 模板名称：“d6st” )
模型错误： C:\Users\infodba\Desktop\BMIDE\d6st\extensions\default.xml 行：465 列：62 无法加载 OperationInputType“D6ManHourEntryCreI”，因为父类型“WorkspaceObjectCreI”不存在。 ( 模板名称：“d6st” )
模型错误： C:\Users\infodba\Desktop\BMIDE\d6st\extensions\default.xml 行：468 列：62 无法加载 OperationInputType“D6ManHourEntrySvAI”，因为父类型“WorkspaceObjectSvAI”不存在。 ( 模板名称：“d6st” )
模型错误： C:\Users\infodba\Desktop\BMIDE\d6st\extensions\default.xml 行：471 列：57 无法加载 OperationInputType“D6MheTaskCreI”，因为父类型“WorkspaceObjectCreI”不存在。 ( 模板名称：“d6st” )
模型错误： C:\Users\infodba\Desktop\BMIDE\d6st\extensions\default.xml 行：474 列：57 无法加载 OperationInputType“D6MheTaskSvAI”，因为父类型“WorkspaceObjectSvAI”不存在。 ( 模板名称：“d6st” )
模型错误： C:\Users\infodba\Desktop\BMIDE\d6st\extensions\default.xml 行：24 列：22 StructElement“myRefBR”中存在未定义的 ServiceInterface“D6::Soa::Work::ManHourManagement” ( 模板名称：“d6st” )
模型错误： C:\Users\infodba\Desktop\BMIDE\d6st\extensions\default.xml 行：27 列：22 StructElement“billTypeInternal”中存在未定义的 ServiceInterface“D6::Soa::Work::ManHourManagement” ( 模板名称：“d6st” )
模型错误： C:\Users\infodba\Desktop\BMIDE\d6st\extensions\default.xml 行：30 列：22 StructElement“billRateName”中存在未定义的 ServiceInterface“D6::Soa::Work::ManHourManagement” ( 模板名称：“d6st” )
模型错误： C:\Users\infodba\Desktop\BMIDE\d6st\extensions\default.xml 行：36 列：22 StructElement“myUserName”中存在未定义的 ServiceInterface“D6::Soa::Work::ManHourManagement” ( 模板名称：“d6st” )
模型错误： C:\Users\infodba\Desktop\BMIDE\d6st\extensions\default.xml 行：39 列：22 StructElement“myYear”中存在未定义的 ServiceInterface“D6::Soa::Work::ManHourManagement” ( 模板名称：“d6st” )
模型错误： C:\Users\infodba\Desktop\BMIDE\d6st\extensions\default.xml 行：42 列：22 StructElement“myMonth”中存在未定义的 ServiceInterface“D6::Soa::Work::ManHourManagement” ( 模板名称：“d6st” )
模型错误： C:\Users\infodba\Desktop\BMIDE\d6st\extensions\default.xml 行：45 列：22 StructElement“myDay”中存在未定义的 ServiceInterface“D6::Soa::Work::ManHourManagement” ( 模板名称：“d6st” )
模型错误： C:\Users\infodba\Desktop\BMIDE\d6st\extensions\default.xml 行：48 列：22 StructElement“myDayOfWeek”中存在未定义的 ServiceInterface“D6::Soa::Work::ManHourManagement” ( 模板名称：“d6st” )
模型错误： C:\Users\infodba\Desktop\BMIDE\d6st\extensions\default.xml 行：51 列：22 StructElement“myHoliday”中存在未定义的 ServiceInterface“D6::Soa::Work::ManHourManagement” ( 模板名称：“d6st” )
模型错误： C:\Users\infodba\Desktop\BMIDE\d6st\extensions\default.xml 行：54 列：22 StructElement“workRequired”中存在未定义的 ServiceInterface“D6::Soa::Work::ManHourManagement” ( 模板名称：“d6st” )
模型错误： C:\Users\infodba\Desktop\BMIDE\d6st\extensions\default.xml 行：57 列：22 StructElement“myPrjName”中存在未定义的 ServiceInterface“D6::Soa::Work::ManHourManagement” ( 模板名称：“d6st” )
模型错误： C:\Users\infodba\Desktop\BMIDE\d6st\extensions\default.xml 行：60 列：22 StructElement“myPrjId”中存在未定义的 ServiceInterface“D6::Soa::Work::ManHourManagement” ( 模板名称：“d6st” )
模型错误： C:\Users\infodba\Desktop\BMIDE\d6st\extensions\default.xml 行：63 列：22 StructElement“myTaskType”中存在未定义的 ServiceInterface“D6::Soa::Work::ManHourManagement” ( 模板名称：“d6st” )
模型错误： C:\Users\infodba\Desktop\BMIDE\d6st\extensions\default.xml 行：66 列：22 StructElement“myTaskTypeDval”中存在未定义的 ServiceInterface“D6::Soa::Work::ManHourManagement” ( 模板名称：“d6st” )
模型错误： C:\Users\infodba\Desktop\BMIDE\d6st\extensions\default.xml 行：69 列：22 StructElement“billType”中存在未定义的 ServiceInterface“D6::Soa::Work::ManHourManagement” ( 模板名称：“d6st” )
模型错误： C:\Users\infodba\Desktop\BMIDE\d6st\extensions\default.xml 行：72 列：22 StructElement“myRefBR”中存在未定义的 ServiceInterface“D6::Soa::Work::ManHourManagement” ( 模板名称：“d6st” )
模型错误： C:\Users\infodba\Desktop\BMIDE\d6st\extensions\default.xml 行：75 列：22 StructElement“workingHours”中存在未定义的 ServiceInterface“D6::Soa::Work::ManHourManagement” ( 模板名称：“d6st” )
模型错误： C:\Users\infodba\Desktop\BMIDE\d6st\extensions\default.xml 行：78 列：22 StructElement“myRefTE”中存在未定义的 ServiceInterface“D6::Soa::Work::ManHourManagement” ( 模板名称：“d6st” )
模型错误： C:\Users\infodba\Desktop\BMIDE\d6st\extensions\default.xml 行：81 列：22 StructElement“tseStatus”中存在未定义的 ServiceInterface“D6::Soa::Work::ManHourManagement” ( 模板名称：“d6st” )
模型错误： C:\Users\infodba\Desktop\BMIDE\d6st\extensions\default.xml 行：84 列：22 StructElement“myRefMHE”中存在未定义的 ServiceInterface“D6::Soa::Work::ManHourManagement” ( 模板名称：“d6st” )
模型错误： C:\Users\infodba\Desktop\BMIDE\d6st\extensions\default.xml 行：87 列：22 StructElement“row”中存在未定义的 ServiceInterface“D6::Soa::Work::ManHourManagement” ( 模板名称：“d6st” )
模型错误： C:\Users\infodba\Desktop\BMIDE\d6st\extensions\default.xml 行：90 列：22 StructElement“col”中存在未定义的 ServiceInterface“D6::Soa::Work::ManHourManagement” ( 模板名称：“d6st” )
模型错误： C:\Users\infodba\Desktop\BMIDE\d6st\extensions\default.xml 行：93 列：22 StructElement“billTypeInternal”中存在未定义的 ServiceInterface“D6::Soa::Work::ManHourManagement” ( 模板名称：“d6st” )
模型错误： C:\Users\infodba\Desktop\BMIDE\d6st\extensions\default.xml 行：101 列：22 StructElement“mheSet”中存在未定义的 ServiceInterface“D6::Soa::Work::ManHourManagement” ( 模板名称：“d6st” )
模型错误： C:\Users\infodba\Desktop\BMIDE\d6st\extensions\default.xml 行：107 列：22 StructElement“myUserName”中存在未定义的 ServiceInterface“D6::Soa::Work::ManHourManagement” ( 模板名称：“d6st” )
模型错误： C:\Users\infodba\Desktop\BMIDE\d6st\extensions\default.xml 行：110 列：22 StructElement“myPosition”中存在未定义的 ServiceInterface“D6::Soa::Work::ManHourManagement” ( 模板名称：“d6st” )
模型错误： C:\Users\infodba\Desktop\BMIDE\d6st\extensions\default.xml 行：113 列：22 StructElement“myYear”中存在未定义的 ServiceInterface“D6::Soa::Work::ManHourManagement” ( 模板名称：“d6st” )
模型错误： C:\Users\infodba\Desktop\BMIDE\d6st\extensions\default.xml 行：116 列：22 StructElement“myMonth”中存在未定义的 ServiceInterface“D6::Soa::Work::ManHourManagement” ( 模板名称：“d6st” )
模型错误： C:\Users\infodba\Desktop\BMIDE\d6st\extensions\default.xml 行：119 列：22 StructElement“totalDays”中存在未定义的 ServiceInterface“D6::Soa::Work::ManHourManagement” ( 模板名称：“d6st” )
模型错误： C:\Users\infodba\Desktop\BMIDE\d6st\extensions\default.xml 行：124 列：22 StructElement“theMonthTmp”中存在未定义的 ServiceInterface“D6::Soa::Work::ManHourManagement” ( 模板名称：“d6st” )
模型错误： C:\Users\infodba\Desktop\BMIDE\d6st\extensions\default.xml 行：129 列：22 StructElement“theProgramSet”中存在未定义的 ServiceInterface“D6::Soa::Work::ManHourManagement” ( 模板名称：“d6st” )
模型错误： C:\Users\infodba\Desktop\BMIDE\d6st\extensions\default.xml 行：132 列：22 StructElement“isHourlyBasedUser”中存在未定义的 ServiceInterface“D6::Soa::Work::ManHourManagement” ( 模板名称：“d6st” )
模型错误： C:\Users\infodba\Desktop\BMIDE\d6st\extensions\default.xml 行：135 列：22 StructElement“isManHourEditable”中存在未定义的 ServiceInterface“D6::Soa::Work::ManHourManagement” ( 模板名称：“d6st” )
模型错误： C:\Users\infodba\Desktop\BMIDE\d6st\extensions\default.xml 行：140 列：22 StructElement“theBillTypeSet”中存在未定义的 ServiceInterface“D6::Soa::Work::ManHourManagement” ( 模板名称：“d6st” )
模型错误： C:\Users\infodba\Desktop\BMIDE\d6st\extensions\default.xml 行：146 列：22 StructElement“dayOfMonth”中存在未定义的 ServiceInterface“D6::Soa::Work::ManHourManagement” ( 模板名称：“d6st” )
模型错误： C:\Users\infodba\Desktop\BMIDE\d6st\extensions\default.xml 行：149 列：22 StructElement“dayOfWeek”中存在未定义的 ServiceInterface“D6::Soa::Work::ManHourManagement” ( 模板名称：“d6st” )
模型错误： C:\Users\infodba\Desktop\BMIDE\d6st\extensions\default.xml 行：152 列：22 StructElement“isWeekend”中存在未定义的 ServiceInterface“D6::Soa::Work::ManHourManagement” ( 模板名称：“d6st” )
模型错误： C:\Users\infodba\Desktop\BMIDE\d6st\extensions\default.xml 行：155 列：22 StructElement“isHoliday”中存在未定义的 ServiceInterface“D6::Soa::Work::ManHourManagement” ( 模板名称：“d6st” )
模型错误： C:\Users\infodba\Desktop\BMIDE\d6st\extensions\default.xml 行：158 列：22 StructElement“holidayName”中存在未定义的 ServiceInterface“D6::Soa::Work::ManHourManagement” ( 模板名称：“d6st” )
模型错误： C:\Users\infodba\Desktop\BMIDE\d6st\extensions\default.xml 行：161 列：22 StructElement“isWorkRequired”中存在未定义的 ServiceInterface“D6::Soa::Work::ManHourManagement” ( 模板名称：“d6st” )
模型错误： C:\Users\infodba\Desktop\BMIDE\d6st\extensions\default.xml 行：167 列：22 StructElement“prjId”中存在未定义的 ServiceInterface“D6::Soa::Work::ManHourManagement” ( 模板名称：“d6st” )
模型错误： C:\Users\infodba\Desktop\BMIDE\d6st\extensions\default.xml 行：170 列：22 StructElement“prjName”中存在未定义的 ServiceInterface“D6::Soa::Work::ManHourManagement” ( 模板名称：“d6st” )
模型错误： C:\Users\infodba\Desktop\BMIDE\d6st\extensions\default.xml 行：173 列：22 StructElement“tskType”中存在未定义的 ServiceInterface“D6::Soa::Work::ManHourManagement” ( 模板名称：“d6st” )
模型错误： C:\Users\infodba\Desktop\BMIDE\d6st\extensions\default.xml 行：176 列：22 StructElement“tskTypeDval”中存在未定义的 ServiceInterface“D6::Soa::Work::ManHourManagement” ( 模板名称：“d6st” )
模型错误： C:\Users\infodba\Desktop\BMIDE\d6st\extensions\default.xml 行：179 列：22 StructElement“stkTag”中存在未定义的 ServiceInterface“D6::Soa::Work::ManHourManagement” ( 模板名称：“d6st” )
模型错误： C:\Users\infodba\Desktop\BMIDE\d6st\extensions\default.xml 行：182 列：22 StructElement“startDay”中存在未定义的 ServiceInterface“D6::Soa::Work::ManHourManagement” ( 模板名称：“d6st” )
模型错误： C:\Users\infodba\Desktop\BMIDE\d6st\extensions\default.xml 行：185 列：22 StructElement“endDay”中存在未定义的 ServiceInterface“D6::Soa::Work::ManHourManagement” ( 模板名称：“d6st” )
模型错误： C:\Users\infodba\Desktop\BMIDE\d6st\extensions\default.xml 行：188 列：22 StructElement“prjStartYear”中存在未定义的 ServiceInterface“D6::Soa::Work::ManHourManagement” ( 模板名称：“d6st” )
模型错误： C:\Users\infodba\Desktop\BMIDE\d6st\extensions\default.xml 行：191 列：22 StructElement“prjStartMonth”中存在未定义的 ServiceInterface“D6::Soa::Work::ManHourManagement” ( 模板名称：“d6st” )
模型错误： C:\Users\infodba\Desktop\BMIDE\d6st\extensions\default.xml 行：194 列：22 StructElement“prjStartDay”中存在未定义的 ServiceInterface“D6::Soa::Work::ManHourManagement” ( 模板名称：“d6st” )
模型错误： C:\Users\infodba\Desktop\BMIDE\d6st\extensions\default.xml 行：197 列：22 StructElement“prjEndYear”中存在未定义的 ServiceInterface“D6::Soa::Work::ManHourManagement” ( 模板名称：“d6st” )
模型错误： C:\Users\infodba\Desktop\BMIDE\d6st\extensions\default.xml 行：200 列：22 StructElement“prjEndMonth”中存在未定义的 ServiceInterface“D6::Soa::Work::ManHourManagement” ( 模板名称：“d6st” )
模型错误： C:\Users\infodba\Desktop\BMIDE\d6st\extensions\default.xml 行：203 列：22 StructElement“prjEndDay”中存在未定义的 ServiceInterface“D6::Soa::Work::ManHourManagement” ( 模板名称：“d6st” )
模型错误： C:\Users\infodba\Desktop\BMIDE\d6st\extensions\default.xml 行：206 列：22 StructElement“schTag”中存在未定义的 ServiceInterface“D6::Soa::Work::ManHourManagement” ( 模板名称：“d6st” )
模型错误： C:\Users\infodba\Desktop\BMIDE\d6st\extensions\default.xml 行：351 列：24 OperationTemplate 中存在未定义的发行版 tc9000.1.0 (createRelease)。 ( 模板名称：“d6st” )
模型错误： C:\Users\infodba\Desktop\BMIDE\d6st\extensions\default.xml 行：378 列：24 OperationTemplate 中存在未定义的发行版 tc9000.1.0 (createRelease)。 ( 模板名称：“d6st” )
模型错误： C:\Users\infodba\Desktop\BMIDE\d6st\extensions\default.xml 行：412 列：24 OperationTemplate 中存在未定义的发行版 tc9000.1.0 (createRelease)。 ( 模板名称：“d6st” )
模型错误： C:\Users\infodba\Desktop\BMIDE\d6st\extensions\default.xml 行：432 列：24 OperationTemplate 中存在未定义的发行版 tc9000.1.0 (createRelease)。 ( 模板名称：“d6st” )
模型错误： C:\Users\infodba\Desktop\BMIDE\d6st\extensions\default.xml 行：451 列：24 OperationTemplate 中存在未定义的发行版 tc9000.1.0 (createRelease)。 ( 模板名称：“d6st” )
模型错误： C:\Users\infodba\Desktop\BMIDE\d6st\extensions\default.xml 行：462 列：24 OperationTemplate 中存在未定义的发行版 tc9000.1.0 (createRelease)。 ( 模板名称：“d6st” )
模型错误： C:\Users\infodba\Desktop\BMIDE\d6st\extensions\default.xml 行：546 列：23 常量名称“Modifiable”未定义。 ( 模板名称：“d6st” )
模型错误： C:\Users\infodba\Desktop\BMIDE\d6st\extensions\default.xml 行：548 列：23 常量名称“Modifiable”未定义。 ( 模板名称：“d6st” )
模型错误： C:\Users\infodba\Desktop\BMIDE\d6st\extensions\default.xml 行：550 列：23 常量名称“Modifiable”未定义。 ( 模板名称：“d6st” )
模型错误： C:\Users\infodba\Desktop\BMIDE\d6st\extensions\default.xml 行：552 列：23 常量名称“Modifiable”未定义。 ( 模板名称：“d6st” )
模型错误： C:\Users\infodba\Desktop\BMIDE\d6st\extensions\default.xml 行：554 列：23 常量名称“Modifiable”未定义。 ( 模板名称：“d6st” )
模型错误： C:\Users\infodba\Desktop\BMIDE\d6st\extensions\default.xml 行：556 列：23 常量名称“Modifiable”未定义。 ( 模板名称：“d6st” )
模型错误： C:\Users\infodba\Desktop\BMIDE\d6st\extensions\default.xml 行：558 列：23 常量名称“Modifiable”未定义。 ( 模板名称：“d6st” )
模型错误： C:\Users\infodba\Desktop\BMIDE\d6st\extensions\default.xml 行：560 列：23 常量名称“Modifiable”未定义。 ( 模板名称：“d6st” )
模型错误： C:\Users\infodba\Desktop\BMIDE\d6st\extensions\default.xml 行：562 列：23 常量名称“Modifiable”未定义。 ( 模板名称：“d6st” )
模型错误： C:\Users\infodba\Desktop\BMIDE\d6st\extensions\default.xml 行：564 列：23 常量名称“Modifiable”未定义。 ( 模板名称：“d6st” )
模型错误： C:\Users\infodba\Desktop\BMIDE\d6st\extensions\default.xml 行：566 列：23 常量名称“Modifiable”未定义。 ( 模板名称：“d6st” )
模型错误： C:\Users\infodba\Desktop\BMIDE\d6st\extensions\default.xml 行：568 列：23 常量名称“Modifiable”未定义。 ( 模板名称：“d6st” )
模型错误： C:\Users\infodba\Desktop\BMIDE\d6st\extensions\default.xml 行：570 列：23 常量名称“Modifiable”未定义。 ( 模板名称：“d6st” )
模型错误： C:\Users\infodba\Desktop\BMIDE\d6st\extensions\default.xml 行：572 列：23 常量名称“Modifiable”未定义。 ( 模板名称：“d6st” )
模型错误： C:\Users\infodba\Desktop\BMIDE\d6st\extensions\default.xml 行：574 列：23 常量名称“Modifiable”未定义。 ( 模板名称：“d6st” )
模型错误： C:\Users\infodba\Desktop\BMIDE\d6st\extensions\default.xml 行：576 列：23 常量名称“Modifiable”未定义。 ( 模板名称：“d6st” )
模型错误： C:\Users\infodba\Desktop\BMIDE\d6st\extensions\default.xml 行：578 列：23 常量名称“Modifiable”未定义。 ( 模板名称：“d6st” )
模型错误： C:\Users\infodba\Desktop\BMIDE\d6st\extensions\default.xml 行：580 列：23 常量名称“Modifiable”未定义。 ( 模板名称：“d6st” )
模型错误： C:\Users\infodba\Desktop\BMIDE\d6st\extensions\default.xml 行：582 列：23 常量名称“Modifiable”未定义。 ( 模板名称：“d6st” )
模型错误： C:\Users\infodba\Desktop\BMIDE\d6st\extensions\default.xml 行：584 列：23 常量名称“Modifiable”未定义。 ( 模板名称：“d6st” )
模型错误： C:\Users\infodba\Desktop\BMIDE\d6st\extensions\default.xml 行：586 列：23 常量名称“Modifiable”未定义。 ( 模板名称：“d6st” )
模型错误： C:\Users\infodba\Desktop\BMIDE\d6st\extensions\default.xml 行：588 列：23 常量名称“Modifiable”未定义。 ( 模板名称：“d6st” )
模型错误： C:\Users\infodba\Desktop\BMIDE\d6st\extensions\default.xml 行：590 列：23 常量名称“Modifiable”未定义。 ( 模板名称：“d6st” )
模型错误： C:\Users\infodba\Desktop\BMIDE\d6st\extensions\default.xml 行：592 列：23 常量名称“Modifiable”未定义。 ( 模板名称：“d6st” )
模型错误： C:\Users\infodba\Desktop\BMIDE\d6st\extensions\default.xml 行：594 列：23 常量名称“Modifiable”未定义。 ( 模板名称：“d6st” )
模型错误： C:\Users\infodba\Desktop\BMIDE\d6st\extensions\default.xml 行：596 列：23 常量名称“Modifiable”未定义。 ( 模板名称：“d6st” )
模型错误： C:\Users\infodba\Desktop\BMIDE\d6st\extensions\default.xml 行：598 列：23 常量名称“Modifiable”未定义。 ( 模板名称：“d6st” )
模型错误： C:\Users\infodba\Desktop\BMIDE\d6st\extensions\default.xml 行：600 列：23 常量名称“Modifiable”未定义。 ( 模板名称：“d6st” )
模型错误： C:\Users\infodba\Desktop\BMIDE\d6st\extensions\default.xml 行：602 列：23 常量名称“Modifiable”未定义。 ( 模板名称：“d6st” )
模型错误： C:\Users\infodba\Desktop\BMIDE\d6st\extensions\default.xml 行：604 列：23 常量名称“Modifiable”未定义。 ( 模板名称：“d6st” )
模型错误： C:\Users\infodba\Desktop\BMIDE\d6st\extensions\default.xml 行：606 列：23 常量名称“Modifiable”未定义。 ( 模板名称：“d6st” )
模型错误： C:\Users\infodba\Desktop\BMIDE\d6st\extensions\default.xml 行：489 列：16 Operation 中存在未定义的发行版 tc9000.1.0 (createRelease)。 ( 模板名称：“d6st” )
模型错误： C:\Users\infodba\Desktop\BMIDE\d6st\extensions\default.xml 行：500 列：16 Operation 中存在未定义的发行版 tc9000.1.0 (createRelease)。 ( 模板名称：“d6st” )
模型错误： C:\Users\infodba\Desktop\BMIDE\d6st\extensions\default.xml 行：509 列：16 Operation 中存在未定义的发行版 tc9000.1.0 (createRelease)。 ( 模板名称：“d6st” )
模型错误： C:\Users\infodba\Desktop\BMIDE\d6st\extensions\default.xml 行：516 列：16 Operation 中存在未定义的发行版 tc9000.1.0 (createRelease)。 ( 模板名称：“d6st” )
模型错误： C:\Users\infodba\Desktop\BMIDE\d6st\extensions\default.xml 行：527 列：16 Operation 中存在未定义的发行版 tc9000.1.0 (createRelease)。 ( 模板名称：“d6st” )
模型错误： C:\Users\infodba\Desktop\BMIDE\d6st\extensions\default.xml 行：539 列：16 Operation 中存在未定义的发行版 tc9000.1.0 (createRelease)。 ( 模板名称：“d6st” )
模型错误： C:\Users\infodba\Desktop\BMIDE\d6st\extensions\default.xml 行：663 列：18 未定义的业务对象“D6MheTask”(typeName) 存在于 TcLOVAttach 元素中。 ( 模板名称：“d6st” )
--------------------------------------------------------------------------------
日期：29-十一月-2019_13-50-02
--------------------------------------------------------------------------------
正在加载项目：“d6st”
文件加载错误：找不到文件“foundation_template.xml”（位于“null”中，由“C:\Users\infodba\Desktop\BMIDE\d6st\extensions\dependency.xml”引用）。
模型错误： C:\Users\infodba\Desktop\BMIDE\d6st\extensions\default.xml 行：17 列：14 Library 中存在未定义的发行版 tc9000.1.0 (createRelease)。 ( 模板名称：“d6st” )
模型错误： C:\Users\infodba\Desktop\BMIDE\d6st\extensions\default.xml 行：209 列：72 无法加载类“D6ManHourEntry”，因为父类“WorkspaceObject”不存在。未在模型中定义类“WorkspaceObject”或者未能加载类“WorkspaceObject”。 ( 模板名称：“d6st” )
模型错误： C:\Users\infodba\Desktop\BMIDE\d6st\extensions\default.xml 行：287 列：72 无法加载类“D6MheTask”，因为父类“WorkspaceObject”不存在。未在模型中定义类“WorkspaceObject”或者未能加载类“WorkspaceObject”。 ( 模板名称：“d6st” )
模型错误： C:\Users\infodba\Desktop\BMIDE\d6st\extensions\default.xml 行：19 列：105 ServiceInterface 中存在未定义的发行版 tc9000.1.0 (createRelease)。 ( 模板名称：“d6st” )
模型错误： C:\Users\infodba\Desktop\BMIDE\d6st\extensions\default.xml 行：31 列：13 Struct 中存在未定义的发行版 tc9000.1.0 (createRelease)。 ( 模板名称：“d6st” )
模型错误： C:\Users\infodba\Desktop\BMIDE\d6st\extensions\default.xml 行：94 列：13 Struct 中存在未定义的发行版 tc9000.1.0 (createRelease)。 ( 模板名称：“d6st” )
模型错误： C:\Users\infodba\Desktop\BMIDE\d6st\extensions\default.xml 行：102 列：13 Struct 中存在未定义的发行版 tc9000.1.0 (createRelease)。 ( 模板名称：“d6st” )
模型错误： C:\Users\infodba\Desktop\BMIDE\d6st\extensions\default.xml 行：141 列：13 Struct 中存在未定义的发行版 tc9000.1.0 (createRelease)。 ( 模板名称：“d6st” )
模型错误： C:\Users\infodba\Desktop\BMIDE\d6st\extensions\default.xml 行：162 列：13 Struct 中存在未定义的发行版 tc9000.1.0 (createRelease)。 ( 模板名称：“d6st” )
模型错误： C:\Users\infodba\Desktop\BMIDE\d6st\extensions\default.xml 行：207 列：13 Struct 中存在未定义的发行版 tc9000.1.0 (createRelease)。 ( 模板名称：“d6st” )
模型错误： C:\Users\infodba\Desktop\BMIDE\d6st\extensions\default.xml 行：214 列：50 无法加载属性（类 =“D6ManHourEntry”，属性 =“d6BillType”），因为类“D6ManHourEntry”不存在。未在模型中定义类“D6ManHourEntry”或者未能加载类“D6ManHourEntry”。 ( 模板名称：“d6st” )
模型错误： C:\Users\infodba\Desktop\BMIDE\d6st\extensions\default.xml 行：219 列：50 无法加载属性（类 =“D6ManHourEntry”，属性 =“d6Holiday”），因为类“D6ManHourEntry”不存在。未在模型中定义类“D6ManHourEntry”或者未能加载类“D6ManHourEntry”。 ( 模板名称：“d6st” )
模型错误： C:\Users\infodba\Desktop\BMIDE\d6st\extensions\default.xml 行：224 列：50 无法加载属性（类 =“D6ManHourEntry”，属性 =“d6UserName”），因为类“D6ManHourEntry”不存在。未在模型中定义类“D6ManHourEntry”或者未能加载类“D6ManHourEntry”。 ( 模板名称：“d6st” )
模型错误： C:\Users\infodba\Desktop\BMIDE\d6st\extensions\default.xml 行：229 列：50 无法加载属性（类 =“D6ManHourEntry”，属性 =“d6WorkingHours”），因为类“D6ManHourEntry”不存在。未在模型中定义类“D6ManHourEntry”或者未能加载类“D6ManHourEntry”。 ( 模板名称：“d6st” )
模型错误： C:\Users\infodba\Desktop\BMIDE\d6st\extensions\default.xml 行：234 列：50 无法加载属性（类 =“D6ManHourEntry”，属性 =“d6WorkRequired”），因为类“D6ManHourEntry”不存在。未在模型中定义类“D6ManHourEntry”或者未能加载类“D6ManHourEntry”。 ( 模板名称：“d6st” )
模型错误： C:\Users\infodba\Desktop\BMIDE\d6st\extensions\default.xml 行：239 列：50 无法加载属性（类 =“D6ManHourEntry”，属性 =“d6DayOfWeek”），因为类“D6ManHourEntry”不存在。未在模型中定义类“D6ManHourEntry”或者未能加载类“D6ManHourEntry”。 ( 模板名称：“d6st” )
模型错误： C:\Users\infodba\Desktop\BMIDE\d6st\extensions\default.xml 行：244 列：50 无法加载属性（类 =“D6ManHourEntry”，属性 =“d6Month”），因为类“D6ManHourEntry”不存在。未在模型中定义类“D6ManHourEntry”或者未能加载类“D6ManHourEntry”。 ( 模板名称：“d6st” )
模型错误： C:\Users\infodba\Desktop\BMIDE\d6st\extensions\default.xml 行：249 列：50 无法加载属性（类 =“D6ManHourEntry”，属性 =“d6Year”），因为类“D6ManHourEntry”不存在。未在模型中定义类“D6ManHourEntry”或者未能加载类“D6ManHourEntry”。 ( 模板名称：“d6st” )
模型错误： C:\Users\infodba\Desktop\BMIDE\d6st\extensions\default.xml 行：254 列：50 无法加载属性（类 =“D6ManHourEntry”，属性 =“d6Day”），因为类“D6ManHourEntry”不存在。未在模型中定义类“D6ManHourEntry”或者未能加载类“D6ManHourEntry”。 ( 模板名称：“d6st” )
模型错误： C:\Users\infodba\Desktop\BMIDE\d6st\extensions\default.xml 行：259 列：50 无法加载属性（类 =“D6ManHourEntry”，属性 =“d6RefTE”），因为类“D6ManHourEntry”不存在。未在模型中定义类“D6ManHourEntry”或者未能加载类“D6ManHourEntry”。 ( 模板名称：“d6st” )
模型错误： C:\Users\infodba\Desktop\BMIDE\d6st\extensions\default.xml 行：264 列：50 无法加载属性（类 =“D6ManHourEntry”，属性 =“d6PrjName”），因为类“D6ManHourEntry”不存在。未在模型中定义类“D6ManHourEntry”或者未能加载类“D6ManHourEntry”。 ( 模板名称：“d6st” )
模型错误： C:\Users\infodba\Desktop\BMIDE\d6st\extensions\default.xml 行：269 列：50 无法加载属性（类 =“D6ManHourEntry”，属性 =“d6PrjId”），因为类“D6ManHourEntry”不存在。未在模型中定义类“D6ManHourEntry”或者未能加载类“D6ManHourEntry”。 ( 模板名称：“d6st” )
模型错误： C:\Users\infodba\Desktop\BMIDE\d6st\extensions\default.xml 行：274 列：50 无法加载属性（类 =“D6ManHourEntry”，属性 =“d6TaskType”），因为类“D6ManHourEntry”不存在。未在模型中定义类“D6ManHourEntry”或者未能加载类“D6ManHourEntry”。 ( 模板名称：“d6st” )
模型错误： C:\Users\infodba\Desktop\BMIDE\d6st\extensions\default.xml 行：279 列：50 无法加载属性（类 =“D6ManHourEntry”，属性 =“d6RefBR”），因为类“D6ManHourEntry”不存在。未在模型中定义类“D6ManHourEntry”或者未能加载类“D6ManHourEntry”。 ( 模板名称：“d6st” )
模型错误： C:\Users\infodba\Desktop\BMIDE\d6st\extensions\default.xml 行：284 列：50 无法加载属性（类 =“D6ManHourEntry”，属性 =“d6TaskTypeDval”），因为类“D6ManHourEntry”不存在。未在模型中定义类“D6ManHourEntry”或者未能加载类“D6ManHourEntry”。 ( 模板名称：“d6st” )
模型错误： C:\Users\infodba\Desktop\BMIDE\d6st\extensions\default.xml 行：292 列：50 无法加载属性（类 =“D6MheTask”，属性 =“d6TaskType”），因为类“D6MheTask”不存在。未在模型中定义类“D6MheTask”或者未能加载类“D6MheTask”。 ( 模板名称：“d6st” )
模型错误： C:\Users\infodba\Desktop\BMIDE\d6st\extensions\default.xml 行：297 列：50 无法加载属性（类 =“D6MheTask”，属性 =“d6PrjId”），因为类“D6MheTask”不存在。未在模型中定义类“D6MheTask”或者未能加载类“D6MheTask”。 ( 模板名称：“d6st” )
模型错误： C:\Users\infodba\Desktop\BMIDE\d6st\extensions\default.xml 行：302 列：50 无法加载属性（类 =“D6MheTask”，属性 =“d6PrjName”），因为类“D6MheTask”不存在。未在模型中定义类“D6MheTask”或者未能加载类“D6MheTask”。 ( 模板名称：“d6st” )
模型错误： C:\Users\infodba\Desktop\BMIDE\d6st\extensions\default.xml 行：307 列：50 无法加载属性（类 =“D6MheTask”，属性 =“d6UserName”），因为类“D6MheTask”不存在。未在模型中定义类“D6MheTask”或者未能加载类“D6MheTask”。 ( 模板名称：“d6st” )
模型错误： C:\Users\infodba\Desktop\BMIDE\d6st\extensions\default.xml 行：312 列：50 无法加载属性（类 =“D6MheTask”，属性 =“d6PrjStartDate”），因为类“D6MheTask”不存在。未在模型中定义类“D6MheTask”或者未能加载类“D6MheTask”。 ( 模板名称：“d6st” )
模型错误： C:\Users\infodba\Desktop\BMIDE\d6st\extensions\default.xml 行：317 列：50 无法加载属性（类 =“D6MheTask”，属性 =“d6PrjEndDate”），因为类“D6MheTask”不存在。未在模型中定义类“D6MheTask”或者未能加载类“D6MheTask”。 ( 模板名称：“d6st” )
模型错误： C:\Users\infodba\Desktop\BMIDE\d6st\extensions\default.xml 行：322 列：50 无法加载属性（类 =“D6MheTask”，属性 =“d6Status”），因为类“D6MheTask”不存在。未在模型中定义类“D6MheTask”或者未能加载类“D6MheTask”。 ( 模板名称：“d6st” )
模型错误： C:\Users\infodba\Desktop\BMIDE\d6st\extensions\default.xml 行：326 列：106 无法加载属性（类 =“D6MheTask”，属性 =“d6Schedule_tag”），因为类“D6MheTask”不存在。未在模型中定义类“D6MheTask”或者未能加载类“D6MheTask”。 ( 模板名称：“d6st” )
模型错误： C:\Users\infodba\Desktop\BMIDE\d6st\extensions\default.xml 行：331 列：50 无法加载属性（类 =“D6MheTask”，属性 =“d6TaskTypeDval”），因为类“D6MheTask”不存在。未在模型中定义类“D6MheTask”或者未能加载类“D6MheTask”。 ( 模板名称：“d6st” )
模型错误： C:\Users\infodba\Desktop\BMIDE\d6st\extensions\default.xml 行：337 列：107 无法加载属性（类 =“TimeSheetEntry”，属性 =“d6MheTask_tag”），因为类“TimeSheetEntry”不存在。未在模型中定义类“TimeSheetEntry”或者未能加载类“TimeSheetEntry”。 ( 模板名称：“d6st” )
模型错误： C:\Users\infodba\Desktop\BMIDE\d6st\extensions\default.xml 行：476 列：87 未定义的业务对象“WorkspaceObject”(parentTypeName) 存在于 TcStandardType 元素中。 ( 模板名称：“d6st” )
模型错误： C:\Users\infodba\Desktop\BMIDE\d6st\extensions\default.xml 行：478 列：77 未定义的业务对象“WorkspaceObject”(parentTypeName) 存在于 TcStandardType 元素中。 ( 模板名称：“d6st” )
模型错误： C:\Users\infodba\Desktop\BMIDE\d6st\extensions\default.xml 行：540 列：84 常量名称“Fnd0SelectedLocales”未定义。 ( 模板名称：“d6st” )
模型错误： C:\Users\infodba\Desktop\BMIDE\d6st\extensions\default.xml 行：621 列：12 未定义的业务对象“ListOfValuesString”(lovType) 存在于 TcLOV 元素中。 ( 模板名称：“d6st” )
模型错误： C:\Users\infodba\Desktop\BMIDE\d6st\extensions\default.xml 行：625 列：12 未定义的业务对象“ListOfValuesString”(lovType) 存在于 TcLOV 元素中。 ( 模板名称：“d6st” )
模型错误： C:\Users\infodba\Desktop\BMIDE\d6st\extensions\default.xml 行：637 列：12 未定义的业务对象“ListOfValuesString”(lovType) 存在于 TcLOV 元素中。 ( 模板名称：“d6st” )
模型错误： C:\Users\infodba\Desktop\BMIDE\d6st\extensions\default.xml 行：639 列：67 TcLOVValueSubLOVAttach 元素中存在未定义的 LOV“D6_YFAS_TaskType”（“targetLOVName”） ( 模板名称：“d6st” )
模型错误： C:\Users\infodba\Desktop\BMIDE\d6st\extensions\default.xml 行：641 列：67 TcLOVValueSubLOVAttach 元素中存在未定义的 LOV“D6_YFAS_TaskType”（“targetLOVName”） ( 模板名称：“d6st” )
模型错误： C:\Users\infodba\Desktop\BMIDE\d6st\extensions\default.xml 行：643 列：67 TcLOVValueSubLOVAttach 元素中存在未定义的 LOV“D6_YFAS_TaskType”（“targetLOVName”） ( 模板名称：“d6st” )
模型错误： C:\Users\infodba\Desktop\BMIDE\d6st\extensions\default.xml 行：645 列：67 TcLOVValueSubLOVAttach 元素中存在未定义的 LOV“D6_YFAS_TaskType”（“targetLOVName”） ( 模板名称：“d6st” )
模型错误： C:\Users\infodba\Desktop\BMIDE\d6st\extensions\default.xml 行：647 列：70 TcLOVValueSubLOVAttach 元素中存在未定义的 LOV“D6_YFAS_TaskType”（“targetLOVName”） ( 模板名称：“d6st” )
模型错误： C:\Users\infodba\Desktop\BMIDE\d6st\extensions\default.xml 行：649 列：67 TcLOVValueSubLOVAttach 元素中存在未定义的 LOV“D6_YFAS_TaskType”（“targetLOVName”） ( 模板名称：“d6st” )
模型错误： C:\Users\infodba\Desktop\BMIDE\d6st\extensions\default.xml 行：651 列：67 TcLOVValueSubLOVAttach 元素中存在未定义的 LOV“D6_YFAS_TaskType”（“targetLOVName”） ( 模板名称：“d6st” )
模型错误： C:\Users\infodba\Desktop\BMIDE\d6st\extensions\default.xml 行：653 列：70 TcLOVValueSubLOVAttach 元素中存在未定义的 LOV“D6_YFAS_TaskType”（“targetLOVName”） ( 模板名称：“d6st” )
模型错误： C:\Users\infodba\Desktop\BMIDE\d6st\extensions\default.xml 行：655 列：70 TcLOVValueSubLOVAttach 元素中存在未定义的 LOV“D6_YFAS_TaskType”（“targetLOVName”） ( 模板名称：“d6st” )
模型错误： C:\Users\infodba\Desktop\BMIDE\d6st\extensions\default.xml 行：657 列：67 TcLOVValueSubLOVAttach 元素中存在未定义的 LOV“D6_YFAS_TaskType”（“targetLOVName”） ( 模板名称：“d6st” )
模型错误： C:\Users\infodba\Desktop\BMIDE\d6st\extensions\default.xml 行：659 列：70 TcLOVValueSubLOVAttach 元素中存在未定义的 LOV“D6_YFAS_TaskType”（“targetLOVName”） ( 模板名称：“d6st” )
模型错误： C:\Users\infodba\Desktop\BMIDE\d6st\extensions\default.xml 行：541 列：107 常量名称“CreateInput”未定义。 ( 模板名称：“d6st” )
模型错误： C:\Users\infodba\Desktop\BMIDE\d6st\extensions\default.xml 行：542 列：97 常量名称“CreateInput”未定义。 ( 模板名称：“d6st” )
模型错误： C:\Users\infodba\Desktop\BMIDE\d6st\extensions\default.xml 行：543 列：107 常量名称“SaveAsInput”未定义。 ( 模板名称：“d6st” )
模型错误： C:\Users\infodba\Desktop\BMIDE\d6st\extensions\default.xml 行：544 列：97 常量名称“SaveAsInput”未定义。 ( 模板名称：“d6st” )
模型错误： C:\Users\infodba\Desktop\BMIDE\d6st\extensions\default.xml 行：465 列：62 无法加载 OperationInputType“D6ManHourEntryCreI”，因为父类型“WorkspaceObjectCreI”不存在。 ( 模板名称：“d6st” )
模型错误： C:\Users\infodba\Desktop\BMIDE\d6st\extensions\default.xml 行：468 列：62 无法加载 OperationInputType“D6ManHourEntrySvAI”，因为父类型“WorkspaceObjectSvAI”不存在。 ( 模板名称：“d6st” )
模型错误： C:\Users\infodba\Desktop\BMIDE\d6st\extensions\default.xml 行：471 列：57 无法加载 OperationInputType“D6MheTaskCreI”，因为父类型“WorkspaceObjectCreI”不存在。 ( 模板名称：“d6st” )
模型错误： C:\Users\infodba\Desktop\BMIDE\d6st\extensions\default.xml 行：474 列：57 无法加载 OperationInputType“D6MheTaskSvAI”，因为父类型“WorkspaceObjectSvAI”不存在。 ( 模板名称：“d6st” )
模型错误： C:\Users\infodba\Desktop\BMIDE\d6st\extensions\default.xml 行：24 列：22 StructElement“myRefBR”中存在未定义的 ServiceInterface“D6::Soa::Work::ManHourManagement” ( 模板名称：“d6st” )
模型错误： C:\Users\infodba\Desktop\BMIDE\d6st\extensions\default.xml 行：27 列：22 StructElement“billTypeInternal”中存在未定义的 ServiceInterface“D6::Soa::Work::ManHourManagement” ( 模板名称：“d6st” )
模型错误： C:\Users\infodba\Desktop\BMIDE\d6st\extensions\default.xml 行：30 列：22 StructElement“billRateName”中存在未定义的 ServiceInterface“D6::Soa::Work::ManHourManagement” ( 模板名称：“d6st” )
模型错误： C:\Users\infodba\Desktop\BMIDE\d6st\extensions\default.xml 行：36 列：22 StructElement“myUserName”中存在未定义的 ServiceInterface“D6::Soa::Work::ManHourManagement” ( 模板名称：“d6st” )
模型错误： C:\Users\infodba\Desktop\BMIDE\d6st\extensions\default.xml 行：39 列：22 StructElement“myYear”中存在未定义的 ServiceInterface“D6::Soa::Work::ManHourManagement” ( 模板名称：“d6st” )
模型错误： C:\Users\infodba\Desktop\BMIDE\d6st\extensions\default.xml 行：42 列：22 StructElement“myMonth”中存在未定义的 ServiceInterface“D6::Soa::Work::ManHourManagement” ( 模板名称：“d6st” )
模型错误： C:\Users\infodba\Desktop\BMIDE\d6st\extensions\default.xml 行：45 列：22 StructElement“myDay”中存在未定义的 ServiceInterface“D6::Soa::Work::ManHourManagement” ( 模板名称：“d6st” )
模型错误： C:\Users\infodba\Desktop\BMIDE\d6st\extensions\default.xml 行：48 列：22 StructElement“myDayOfWeek”中存在未定义的 ServiceInterface“D6::Soa::Work::ManHourManagement” ( 模板名称：“d6st” )
模型错误： C:\Users\infodba\Desktop\BMIDE\d6st\extensions\default.xml 行：51 列：22 StructElement“myHoliday”中存在未定义的 ServiceInterface“D6::Soa::Work::ManHourManagement” ( 模板名称：“d6st” )
模型错误： C:\Users\infodba\Desktop\BMIDE\d6st\extensions\default.xml 行：54 列：22 StructElement“workRequired”中存在未定义的 ServiceInterface“D6::Soa::Work::ManHourManagement” ( 模板名称：“d6st” )
模型错误： C:\Users\infodba\Desktop\BMIDE\d6st\extensions\default.xml 行：57 列：22 StructElement“myPrjName”中存在未定义的 ServiceInterface“D6::Soa::Work::ManHourManagement” ( 模板名称：“d6st” )
模型错误： C:\Users\infodba\Desktop\BMIDE\d6st\extensions\default.xml 行：60 列：22 StructElement“myPrjId”中存在未定义的 ServiceInterface“D6::Soa::Work::ManHourManagement” ( 模板名称：“d6st” )
模型错误： C:\Users\infodba\Desktop\BMIDE\d6st\extensions\default.xml 行：63 列：22 StructElement“myTaskType”中存在未定义的 ServiceInterface“D6::Soa::Work::ManHourManagement” ( 模板名称：“d6st” )
模型错误： C:\Users\infodba\Desktop\BMIDE\d6st\extensions\default.xml 行：66 列：22 StructElement“myTaskTypeDval”中存在未定义的 ServiceInterface“D6::Soa::Work::ManHourManagement” ( 模板名称：“d6st” )
模型错误： C:\Users\infodba\Desktop\BMIDE\d6st\extensions\default.xml 行：69 列：22 StructElement“billType”中存在未定义的 ServiceInterface“D6::Soa::Work::ManHourManagement” ( 模板名称：“d6st” )
模型错误： C:\Users\infodba\Desktop\BMIDE\d6st\extensions\default.xml 行：72 列：22 StructElement“myRefBR”中存在未定义的 ServiceInterface“D6::Soa::Work::ManHourManagement” ( 模板名称：“d6st” )
模型错误： C:\Users\infodba\Desktop\BMIDE\d6st\extensions\default.xml 行：75 列：22 StructElement“workingHours”中存在未定义的 ServiceInterface“D6::Soa::Work::ManHourManagement” ( 模板名称：“d6st” )
模型错误： C:\Users\infodba\Desktop\BMIDE\d6st\extensions\default.xml 行：78 列：22 StructElement“myRefTE”中存在未定义的 ServiceInterface“D6::Soa::Work::ManHourManagement” ( 模板名称：“d6st” )
模型错误： C:\Users\infodba\Desktop\BMIDE\d6st\extensions\default.xml 行：81 列：22 StructElement“tseStatus”中存在未定义的 ServiceInterface“D6::Soa::Work::ManHourManagement” ( 模板名称：“d6st” )
模型错误： C:\Users\infodba\Desktop\BMIDE\d6st\extensions\default.xml 行：84 列：22 StructElement“myRefMHE”中存在未定义的 ServiceInterface“D6::Soa::Work::ManHourManagement” ( 模板名称：“d6st” )
模型错误： C:\Users\infodba\Desktop\BMIDE\d6st\extensions\default.xml 行：87 列：22 StructElement“row”中存在未定义的 ServiceInterface“D6::Soa::Work::ManHourManagement” ( 模板名称：“d6st” )
模型错误： C:\Users\infodba\Desktop\BMIDE\d6st\extensions\default.xml 行：90 列：22 StructElement“col”中存在未定义的 ServiceInterface“D6::Soa::Work::ManHourManagement” ( 模板名称：“d6st” )
模型错误： C:\Users\infodba\Desktop\BMIDE\d6st\extensions\default.xml 行：93 列：22 StructElement“billTypeInternal”中存在未定义的 ServiceInterface“D6::Soa::Work::ManHourManagement” ( 模板名称：“d6st” )
模型错误： C:\Users\infodba\Desktop\BMIDE\d6st\extensions\default.xml 行：101 列：22 StructElement“mheSet”中存在未定义的 ServiceInterface“D6::Soa::Work::ManHourManagement” ( 模板名称：“d6st” )
模型错误： C:\Users\infodba\Desktop\BMIDE\d6st\extensions\default.xml 行：107 列：22 StructElement“myUserName”中存在未定义的 ServiceInterface“D6::Soa::Work::ManHourManagement” ( 模板名称：“d6st” )
模型错误： C:\Users\infodba\Desktop\BMIDE\d6st\extensions\default.xml 行：110 列：22 StructElement“myPosition”中存在未定义的 ServiceInterface“D6::Soa::Work::ManHourManagement” ( 模板名称：“d6st” )
模型错误： C:\Users\infodba\Desktop\BMIDE\d6st\extensions\default.xml 行：113 列：22 StructElement“myYear”中存在未定义的 ServiceInterface“D6::Soa::Work::ManHourManagement” ( 模板名称：“d6st” )
模型错误： C:\Users\infodba\Desktop\BMIDE\d6st\extensions\default.xml 行：116 列：22 StructElement“myMonth”中存在未定义的 ServiceInterface“D6::Soa::Work::ManHourManagement” ( 模板名称：“d6st” )
模型错误： C:\Users\infodba\Desktop\BMIDE\d6st\extensions\default.xml 行：119 列：22 StructElement“totalDays”中存在未定义的 ServiceInterface“D6::Soa::Work::ManHourManagement” ( 模板名称：“d6st” )
模型错误： C:\Users\infodba\Desktop\BMIDE\d6st\extensions\default.xml 行：124 列：22 StructElement“theMonthTmp”中存在未定义的 ServiceInterface“D6::Soa::Work::ManHourManagement” ( 模板名称：“d6st” )
模型错误： C:\Users\infodba\Desktop\BMIDE\d6st\extensions\default.xml 行：129 列：22 StructElement“theProgramSet”中存在未定义的 ServiceInterface“D6::Soa::Work::ManHourManagement” ( 模板名称：“d6st” )
模型错误： C:\Users\infodba\Desktop\BMIDE\d6st\extensions\default.xml 行：132 列：22 StructElement“isHourlyBasedUser”中存在未定义的 ServiceInterface“D6::Soa::Work::ManHourManagement” ( 模板名称：“d6st” )
模型错误： C:\Users\infodba\Desktop\BMIDE\d6st\extensions\default.xml 行：135 列：22 StructElement“isManHourEditable”中存在未定义的 ServiceInterface“D6::Soa::Work::ManHourManagement” ( 模板名称：“d6st” )
模型错误： C:\Users\infodba\Desktop\BMIDE\d6st\extensions\default.xml 行：140 列：22 StructElement“theBillTypeSet”中存在未定义的 ServiceInterface“D6::Soa::Work::ManHourManagement” ( 模板名称：“d6st” )
模型错误： C:\Users\infodba\Desktop\BMIDE\d6st\extensions\default.xml 行：146 列：22 StructElement“dayOfMonth”中存在未定义的 ServiceInterface“D6::Soa::Work::ManHourManagement” ( 模板名称：“d6st” )
模型错误： C:\Users\infodba\Desktop\BMIDE\d6st\extensions\default.xml 行：149 列：22 StructElement“dayOfWeek”中存在未定义的 ServiceInterface“D6::Soa::Work::ManHourManagement” ( 模板名称：“d6st” )
模型错误： C:\Users\infodba\Desktop\BMIDE\d6st\extensions\default.xml 行：152 列：22 StructElement“isWeekend”中存在未定义的 ServiceInterface“D6::Soa::Work::ManHourManagement” ( 模板名称：“d6st” )
模型错误： C:\Users\infodba\Desktop\BMIDE\d6st\extensions\default.xml 行：155 列：22 StructElement“isHoliday”中存在未定义的 ServiceInterface“D6::Soa::Work::ManHourManagement” ( 模板名称：“d6st” )
模型错误： C:\Users\infodba\Desktop\BMIDE\d6st\extensions\default.xml 行：158 列：22 StructElement“holidayName”中存在未定义的 ServiceInterface“D6::Soa::Work::ManHourManagement” ( 模板名称：“d6st” )
模型错误： C:\Users\infodba\Desktop\BMIDE\d6st\extensions\default.xml 行：161 列：22 StructElement“isWorkRequired”中存在未定义的 ServiceInterface“D6::Soa::Work::ManHourManagement” ( 模板名称：“d6st” )
模型错误： C:\Users\infodba\Desktop\BMIDE\d6st\extensions\default.xml 行：167 列：22 StructElement“prjId”中存在未定义的 ServiceInterface“D6::Soa::Work::ManHourManagement” ( 模板名称：“d6st” )
模型错误： C:\Users\infodba\Desktop\BMIDE\d6st\extensions\default.xml 行：170 列：22 StructElement“prjName”中存在未定义的 ServiceInterface“D6::Soa::Work::ManHourManagement” ( 模板名称：“d6st” )
模型错误： C:\Users\infodba\Desktop\BMIDE\d6st\extensions\default.xml 行：173 列：22 StructElement“tskType”中存在未定义的 ServiceInterface“D6::Soa::Work::ManHourManagement” ( 模板名称：“d6st” )
模型错误： C:\Users\infodba\Desktop\BMIDE\d6st\extensions\default.xml 行：176 列：22 StructElement“tskTypeDval”中存在未定义的 ServiceInterface“D6::Soa::Work::ManHourManagement” ( 模板名称：“d6st” )
模型错误： C:\Users\infodba\Desktop\BMIDE\d6st\extensions\default.xml 行：179 列：22 StructElement“stkTag”中存在未定义的 ServiceInterface“D6::Soa::Work::ManHourManagement” ( 模板名称：“d6st” )
模型错误： C:\Users\infodba\Desktop\BMIDE\d6st\extensions\default.xml 行：182 列：22 StructElement“startDay”中存在未定义的 ServiceInterface“D6::Soa::Work::ManHourManagement” ( 模板名称：“d6st” )
模型错误： C:\Users\infodba\Desktop\BMIDE\d6st\extensions\default.xml 行：185 列：22 StructElement“endDay”中存在未定义的 ServiceInterface“D6::Soa::Work::ManHourManagement” ( 模板名称：“d6st” )
模型错误： C:\Users\infodba\Desktop\BMIDE\d6st\extensions\default.xml 行：188 列：22 StructElement“prjStartYear”中存在未定义的 ServiceInterface“D6::Soa::Work::ManHourManagement” ( 模板名称：“d6st” )
模型错误： C:\Users\infodba\Desktop\BMIDE\d6st\extensions\default.xml 行：191 列：22 StructElement“prjStartMonth”中存在未定义的 ServiceInterface“D6::Soa::Work::ManHourManagement” ( 模板名称：“d6st” )
模型错误： C:\Users\infodba\Desktop\BMIDE\d6st\extensions\default.xml 行：194 列：22 StructElement“prjStartDay”中存在未定义的 ServiceInterface“D6::Soa::Work::ManHourManagement” ( 模板名称：“d6st” )
模型错误： C:\Users\infodba\Desktop\BMIDE\d6st\extensions\default.xml 行：197 列：22 StructElement“prjEndYear”中存在未定义的 ServiceInterface“D6::Soa::Work::ManHourManagement” ( 模板名称：“d6st” )
模型错误： C:\Users\infodba\Desktop\BMIDE\d6st\extensions\default.xml 行：200 列：22 StructElement“prjEndMonth”中存在未定义的 ServiceInterface“D6::Soa::Work::ManHourManagement” ( 模板名称：“d6st” )
模型错误： C:\Users\infodba\Desktop\BMIDE\d6st\extensions\default.xml 行：203 列：22 StructElement“prjEndDay”中存在未定义的 ServiceInterface“D6::Soa::Work::ManHourManagement” ( 模板名称：“d6st” )
模型错误： C:\Users\infodba\Desktop\BMIDE\d6st\extensions\default.xml 行：206 列：22 StructElement“schTag”中存在未定义的 ServiceInterface“D6::Soa::Work::ManHourManagement” ( 模板名称：“d6st” )
模型错误： C:\Users\infodba\Desktop\BMIDE\d6st\extensions\default.xml 行：351 列：24 OperationTemplate 中存在未定义的发行版 tc9000.1.0 (createRelease)。 ( 模板名称：“d6st” )
模型错误： C:\Users\infodba\Desktop\BMIDE\d6st\extensions\default.xml 行：378 列：24 OperationTemplate 中存在未定义的发行版 tc9000.1.0 (createRelease)。 ( 模板名称：“d6st” )
模型错误： C:\Users\infodba\Desktop\BMIDE\d6st\extensions\default.xml 行：412 列：24 OperationTemplate 中存在未定义的发行版 tc9000.1.0 (createRelease)。 ( 模板名称：“d6st” )
模型错误： C:\Users\infodba\Desktop\BMIDE\d6st\extensions\default.xml 行：432 列：24 OperationTemplate 中存在未定义的发行版 tc9000.1.0 (createRelease)。 ( 模板名称：“d6st” )
模型错误： C:\Users\infodba\Desktop\BMIDE\d6st\extensions\default.xml 行：451 列：24 OperationTemplate 中存在未定义的发行版 tc9000.1.0 (createRelease)。 ( 模板名称：“d6st” )
模型错误： C:\Users\infodba\Desktop\BMIDE\d6st\extensions\default.xml 行：462 列：24 OperationTemplate 中存在未定义的发行版 tc9000.1.0 (createRelease)。 ( 模板名称：“d6st” )
模型错误： C:\Users\infodba\Desktop\BMIDE\d6st\extensions\default.xml 行：546 列：23 常量名称“Modifiable”未定义。 ( 模板名称：“d6st” )
模型错误： C:\Users\infodba\Desktop\BMIDE\d6st\extensions\default.xml 行：548 列：23 常量名称“Modifiable”未定义。 ( 模板名称：“d6st” )
模型错误： C:\Users\infodba\Desktop\BMIDE\d6st\extensions\default.xml 行：550 列：23 常量名称“Modifiable”未定义。 ( 模板名称：“d6st” )
模型错误： C:\Users\infodba\Desktop\BMIDE\d6st\extensions\default.xml 行：552 列：23 常量名称“Modifiable”未定义。 ( 模板名称：“d6st” )
模型错误： C:\Users\infodba\Desktop\BMIDE\d6st\extensions\default.xml 行：554 列：23 常量名称“Modifiable”未定义。 ( 模板名称：“d6st” )
模型错误： C:\Users\infodba\Desktop\BMIDE\d6st\extensions\default.xml 行：556 列：23 常量名称“Modifiable”未定义。 ( 模板名称：“d6st” )
模型错误： C:\Users\infodba\Desktop\BMIDE\d6st\extensions\default.xml 行：558 列：23 常量名称“Modifiable”未定义。 ( 模板名称：“d6st” )
模型错误： C:\Users\infodba\Desktop\BMIDE\d6st\extensions\default.xml 行：560 列：23 常量名称“Modifiable”未定义。 ( 模板名称：“d6st” )
模型错误： C:\Users\infodba\Desktop\BMIDE\d6st\extensions\default.xml 行：562 列：23 常量名称“Modifiable”未定义。 ( 模板名称：“d6st” )
模型错误： C:\Users\infodba\Desktop\BMIDE\d6st\extensions\default.xml 行：564 列：23 常量名称“Modifiable”未定义。 ( 模板名称：“d6st” )
模型错误： C:\Users\infodba\Desktop\BMIDE\d6st\extensions\default.xml 行：566 列：23 常量名称“Modifiable”未定义。 ( 模板名称：“d6st” )
模型错误： C:\Users\infodba\Desktop\BMIDE\d6st\extensions\default.xml 行：568 列：23 常量名称“Modifiable”未定义。 ( 模板名称：“d6st” )
模型错误： C:\Users\infodba\Desktop\BMIDE\d6st\extensions\default.xml 行：570 列：23 常量名称“Modifiable”未定义。 ( 模板名称：“d6st” )
模型错误： C:\Users\infodba\Desktop\BMIDE\d6st\extensions\default.xml 行：572 列：23 常量名称“Modifiable”未定义。 ( 模板名称：“d6st” )
模型错误： C:\Users\infodba\Desktop\BMIDE\d6st\extensions\default.xml 行：574 列：23 常量名称“Modifiable”未定义。 ( 模板名称：“d6st” )
模型错误： C:\Users\infodba\Desktop\BMIDE\d6st\extensions\default.xml 行：576 列：23 常量名称“Modifiable”未定义。 ( 模板名称：“d6st” )
模型错误： C:\Users\infodba\Desktop\BMIDE\d6st\extensions\default.xml 行：578 列：23 常量名称“Modifiable”未定义。 ( 模板名称：“d6st” )
模型错误： C:\Users\infodba\Desktop\BMIDE\d6st\extensions\default.xml 行：580 列：23 常量名称“Modifiable”未定义。 ( 模板名称：“d6st” )
模型错误： C:\Users\infodba\Desktop\BMIDE\d6st\extensions\default.xml 行：582 列：23 常量名称“Modifiable”未定义。 ( 模板名称：“d6st” )
模型错误： C:\Users\infodba\Desktop\BMIDE\d6st\extensions\default.xml 行：584 列：23 常量名称“Modifiable”未定义。 ( 模板名称：“d6st” )
模型错误： C:\Users\infodba\Desktop\BMIDE\d6st\extensions\default.xml 行：586 列：23 常量名称“Modifiable”未定义。 ( 模板名称：“d6st” )
模型错误： C:\Users\infodba\Desktop\BMIDE\d6st\extensions\default.xml 行：588 列：23 常量名称“Modifiable”未定义。 ( 模板名称：“d6st” )
模型错误： C:\Users\infodba\Desktop\BMIDE\d6st\extensions\default.xml 行：590 列：23 常量名称“Modifiable”未定义。 ( 模板名称：“d6st” )
模型错误： C:\Users\infodba\Desktop\BMIDE\d6st\extensions\default.xml 行：592 列：23 常量名称“Modifiable”未定义。 ( 模板名称：“d6st” )
模型错误： C:\Users\infodba\Desktop\BMIDE\d6st\extensions\default.xml 行：594 列：23 常量名称“Modifiable”未定义。 ( 模板名称：“d6st” )
模型错误： C:\Users\infodba\Desktop\BMIDE\d6st\extensions\default.xml 行：596 列：23 常量名称“Modifiable”未定义。 ( 模板名称：“d6st” )
模型错误： C:\Users\infodba\Desktop\BMIDE\d6st\extensions\default.xml 行：598 列：23 常量名称“Modifiable”未定义。 ( 模板名称：“d6st” )
模型错误： C:\Users\infodba\Desktop\BMIDE\d6st\extensions\default.xml 行：600 列：23 常量名称“Modifiable”未定义。 ( 模板名称：“d6st” )
模型错误： C:\Users\infodba\Desktop\BMIDE\d6st\extensions\default.xml 行：602 列：23 常量名称“Modifiable”未定义。 ( 模板名称：“d6st” )
模型错误： C:\Users\infodba\Desktop\BMIDE\d6st\extensions\default.xml 行：604 列：23 常量名称“Modifiable”未定义。 ( 模板名称：“d6st” )
模型错误： C:\Users\infodba\Desktop\BMIDE\d6st\extensions\default.xml 行：606 列：23 常量名称“Modifiable”未定义。 ( 模板名称：“d6st” )
模型错误： C:\Users\infodba\Desktop\BMIDE\d6st\extensions\default.xml 行：489 列：16 Operation 中存在未定义的发行版 tc9000.1.0 (createRelease)。 ( 模板名称：“d6st” )
模型错误： C:\Users\infodba\Desktop\BMIDE\d6st\extensions\default.xml 行：500 列：16 Operation 中存在未定义的发行版 tc9000.1.0 (createRelease)。 ( 模板名称：“d6st” )
模型错误： C:\Users\infodba\Desktop\BMIDE\d6st\extensions\default.xml 行：509 列：16 Operation 中存在未定义的发行版 tc9000.1.0 (createRelease)。 ( 模板名称：“d6st” )
模型错误： C:\Users\infodba\Desktop\BMIDE\d6st\extensions\default.xml 行：516 列：16 Operation 中存在未定义的发行版 tc9000.1.0 (createRelease)。 ( 模板名称：“d6st” )
模型错误： C:\Users\infodba\Desktop\BMIDE\d6st\extensions\default.xml 行：527 列：16 Operation 中存在未定义的发行版 tc9000.1.0 (createRelease)。 ( 模板名称：“d6st” )
模型错误： C:\Users\infodba\Desktop\BMIDE\d6st\extensions\default.xml 行：539 列：16 Operation 中存在未定义的发行版 tc9000.1.0 (createRelease)。 ( 模板名称：“d6st” )
模型错误： C:\Users\infodba\Desktop\BMIDE\d6st\extensions\default.xml 行：663 列：18 未定义的业务对象“D6MheTask”(typeName) 存在于 TcLOVAttach 元素中。 ( 模板名称：“d6st” )
--------------------------------------------------------------------------------
Date: 20-Jan-2020_12-49-24
--------------------------------------------------------------------------------
Loading project: "d6st"
File Loading Error: Cannot find file "foundation_template.xml" in "null" referenced by "C:\Users\infodba\Desktop\BMIDE\d6st\extensions\dependency.xml".
Model Error: C:\Users\infodba\Desktop\BMIDE\d6st\extensions\default.xml Line:209 Column:72 The Class "D6ManHourEntry" cannot be loaded because the parent Class "WorkspaceObject" does not exist. Either the Class "WorkspaceObject" is not defined in the model or the Class "WorkspaceObject" failed to load. ( Template Name : "d6st" )
Model Error: C:\Users\infodba\Desktop\BMIDE\d6st\extensions\default.xml Line:287 Column:72 The Class "D6MheTask" cannot be loaded because the parent Class "WorkspaceObject" does not exist. Either the Class "WorkspaceObject" is not defined in the model or the Class "WorkspaceObject" failed to load. ( Template Name : "d6st" )
Model Error: C:\Users\infodba\Desktop\BMIDE\d6st\extensions\default.xml Line:17 Column:14 Undefined Release tc9000.1.0 (createRelease) in Library ( Template Name : "d6st" )
Model Error: C:\Users\infodba\Desktop\BMIDE\d6st\extensions\default.xml Line:19 Column:105 Undefined Release tc9000.1.0 (createRelease) in ServiceInterface ( Template Name : "d6st" )
Model Error: C:\Users\infodba\Desktop\BMIDE\d6st\extensions\default.xml Line:31 Column:13 Undefined Release tc9000.1.0 (createRelease) in Struct ( Template Name : "d6st" )
Model Error: C:\Users\infodba\Desktop\BMIDE\d6st\extensions\default.xml Line:94 Column:13 Undefined Release tc9000.1.0 (createRelease) in Struct ( Template Name : "d6st" )
Model Error: C:\Users\infodba\Desktop\BMIDE\d6st\extensions\default.xml Line:102 Column:13 Undefined Release tc9000.1.0 (createRelease) in Struct ( Template Name : "d6st" )
Model Error: C:\Users\infodba\Desktop\BMIDE\d6st\extensions\default.xml Line:141 Column:13 Undefined Release tc9000.1.0 (createRelease) in Struct ( Template Name : "d6st" )
Model Error: C:\Users\infodba\Desktop\BMIDE\d6st\extensions\default.xml Line:162 Column:13 Undefined Release tc9000.1.0 (createRelease) in Struct ( Template Name : "d6st" )
Model Error: C:\Users\infodba\Desktop\BMIDE\d6st\extensions\default.xml Line:207 Column:13 Undefined Release tc9000.1.0 (createRelease) in Struct ( Template Name : "d6st" )
Model Error: C:\Users\infodba\Desktop\BMIDE\d6st\extensions\default.xml Line:214 Column:50 The Attribute (Class = "D6ManHourEntry", Attribute = "d6BillType") cannot be loaded because the Class "D6ManHourEntry" does not exist. Either the Class "D6ManHourEntry" is not defined in the model or the Class "D6ManHourEntry" failed to load. ( Template Name : "d6st" )
Model Error: C:\Users\infodba\Desktop\BMIDE\d6st\extensions\default.xml Line:219 Column:50 The Attribute (Class = "D6ManHourEntry", Attribute = "d6Holiday") cannot be loaded because the Class "D6ManHourEntry" does not exist. Either the Class "D6ManHourEntry" is not defined in the model or the Class "D6ManHourEntry" failed to load. ( Template Name : "d6st" )
Model Error: C:\Users\infodba\Desktop\BMIDE\d6st\extensions\default.xml Line:224 Column:50 The Attribute (Class = "D6ManHourEntry", Attribute = "d6UserName") cannot be loaded because the Class "D6ManHourEntry" does not exist. Either the Class "D6ManHourEntry" is not defined in the model or the Class "D6ManHourEntry" failed to load. ( Template Name : "d6st" )
Model Error: C:\Users\infodba\Desktop\BMIDE\d6st\extensions\default.xml Line:229 Column:50 The Attribute (Class = "D6ManHourEntry", Attribute = "d6WorkingHours") cannot be loaded because the Class "D6ManHourEntry" does not exist. Either the Class "D6ManHourEntry" is not defined in the model or the Class "D6ManHourEntry" failed to load. ( Template Name : "d6st" )
Model Error: C:\Users\infodba\Desktop\BMIDE\d6st\extensions\default.xml Line:234 Column:50 The Attribute (Class = "D6ManHourEntry", Attribute = "d6WorkRequired") cannot be loaded because the Class "D6ManHourEntry" does not exist. Either the Class "D6ManHourEntry" is not defined in the model or the Class "D6ManHourEntry" failed to load. ( Template Name : "d6st" )
Model Error: C:\Users\infodba\Desktop\BMIDE\d6st\extensions\default.xml Line:239 Column:50 The Attribute (Class = "D6ManHourEntry", Attribute = "d6DayOfWeek") cannot be loaded because the Class "D6ManHourEntry" does not exist. Either the Class "D6ManHourEntry" is not defined in the model or the Class "D6ManHourEntry" failed to load. ( Template Name : "d6st" )
Model Error: C:\Users\infodba\Desktop\BMIDE\d6st\extensions\default.xml Line:244 Column:50 The Attribute (Class = "D6ManHourEntry", Attribute = "d6Month") cannot be loaded because the Class "D6ManHourEntry" does not exist. Either the Class "D6ManHourEntry" is not defined in the model or the Class "D6ManHourEntry" failed to load. ( Template Name : "d6st" )
Model Error: C:\Users\infodba\Desktop\BMIDE\d6st\extensions\default.xml Line:249 Column:50 The Attribute (Class = "D6ManHourEntry", Attribute = "d6Year") cannot be loaded because the Class "D6ManHourEntry" does not exist. Either the Class "D6ManHourEntry" is not defined in the model or the Class "D6ManHourEntry" failed to load. ( Template Name : "d6st" )
Model Error: C:\Users\infodba\Desktop\BMIDE\d6st\extensions\default.xml Line:254 Column:50 The Attribute (Class = "D6ManHourEntry", Attribute = "d6Day") cannot be loaded because the Class "D6ManHourEntry" does not exist. Either the Class "D6ManHourEntry" is not defined in the model or the Class "D6ManHourEntry" failed to load. ( Template Name : "d6st" )
Model Error: C:\Users\infodba\Desktop\BMIDE\d6st\extensions\default.xml Line:259 Column:50 The Attribute (Class = "D6ManHourEntry", Attribute = "d6RefTE") cannot be loaded because the Class "D6ManHourEntry" does not exist. Either the Class "D6ManHourEntry" is not defined in the model or the Class "D6ManHourEntry" failed to load. ( Template Name : "d6st" )
Model Error: C:\Users\infodba\Desktop\BMIDE\d6st\extensions\default.xml Line:264 Column:50 The Attribute (Class = "D6ManHourEntry", Attribute = "d6PrjName") cannot be loaded because the Class "D6ManHourEntry" does not exist. Either the Class "D6ManHourEntry" is not defined in the model or the Class "D6ManHourEntry" failed to load. ( Template Name : "d6st" )
Model Error: C:\Users\infodba\Desktop\BMIDE\d6st\extensions\default.xml Line:269 Column:50 The Attribute (Class = "D6ManHourEntry", Attribute = "d6PrjId") cannot be loaded because the Class "D6ManHourEntry" does not exist. Either the Class "D6ManHourEntry" is not defined in the model or the Class "D6ManHourEntry" failed to load. ( Template Name : "d6st" )
Model Error: C:\Users\infodba\Desktop\BMIDE\d6st\extensions\default.xml Line:274 Column:50 The Attribute (Class = "D6ManHourEntry", Attribute = "d6TaskType") cannot be loaded because the Class "D6ManHourEntry" does not exist. Either the Class "D6ManHourEntry" is not defined in the model or the Class "D6ManHourEntry" failed to load. ( Template Name : "d6st" )
Model Error: C:\Users\infodba\Desktop\BMIDE\d6st\extensions\default.xml Line:279 Column:50 The Attribute (Class = "D6ManHourEntry", Attribute = "d6RefBR") cannot be loaded because the Class "D6ManHourEntry" does not exist. Either the Class "D6ManHourEntry" is not defined in the model or the Class "D6ManHourEntry" failed to load. ( Template Name : "d6st" )
Model Error: C:\Users\infodba\Desktop\BMIDE\d6st\extensions\default.xml Line:284 Column:50 The Attribute (Class = "D6ManHourEntry", Attribute = "d6TaskTypeDval") cannot be loaded because the Class "D6ManHourEntry" does not exist. Either the Class "D6ManHourEntry" is not defined in the model or the Class "D6ManHourEntry" failed to load. ( Template Name : "d6st" )
Model Error: C:\Users\infodba\Desktop\BMIDE\d6st\extensions\default.xml Line:292 Column:50 The Attribute (Class = "D6MheTask", Attribute = "d6TaskType") cannot be loaded because the Class "D6MheTask" does not exist. Either the Class "D6MheTask" is not defined in the model or the Class "D6MheTask" failed to load. ( Template Name : "d6st" )
Model Error: C:\Users\infodba\Desktop\BMIDE\d6st\extensions\default.xml Line:297 Column:50 The Attribute (Class = "D6MheTask", Attribute = "d6PrjId") cannot be loaded because the Class "D6MheTask" does not exist. Either the Class "D6MheTask" is not defined in the model or the Class "D6MheTask" failed to load. ( Template Name : "d6st" )
Model Error: C:\Users\infodba\Desktop\BMIDE\d6st\extensions\default.xml Line:302 Column:50 The Attribute (Class = "D6MheTask", Attribute = "d6PrjName") cannot be loaded because the Class "D6MheTask" does not exist. Either the Class "D6MheTask" is not defined in the model or the Class "D6MheTask" failed to load. ( Template Name : "d6st" )
Model Error: C:\Users\infodba\Desktop\BMIDE\d6st\extensions\default.xml Line:307 Column:50 The Attribute (Class = "D6MheTask", Attribute = "d6UserName") cannot be loaded because the Class "D6MheTask" does not exist. Either the Class "D6MheTask" is not defined in the model or the Class "D6MheTask" failed to load. ( Template Name : "d6st" )
Model Error: C:\Users\infodba\Desktop\BMIDE\d6st\extensions\default.xml Line:312 Column:50 The Attribute (Class = "D6MheTask", Attribute = "d6PrjStartDate") cannot be loaded because the Class "D6MheTask" does not exist. Either the Class "D6MheTask" is not defined in the model or the Class "D6MheTask" failed to load. ( Template Name : "d6st" )
Model Error: C:\Users\infodba\Desktop\BMIDE\d6st\extensions\default.xml Line:317 Column:50 The Attribute (Class = "D6MheTask", Attribute = "d6PrjEndDate") cannot be loaded because the Class "D6MheTask" does not exist. Either the Class "D6MheTask" is not defined in the model or the Class "D6MheTask" failed to load. ( Template Name : "d6st" )
Model Error: C:\Users\infodba\Desktop\BMIDE\d6st\extensions\default.xml Line:322 Column:50 The Attribute (Class = "D6MheTask", Attribute = "d6Status") cannot be loaded because the Class "D6MheTask" does not exist. Either the Class "D6MheTask" is not defined in the model or the Class "D6MheTask" failed to load. ( Template Name : "d6st" )
Model Error: C:\Users\infodba\Desktop\BMIDE\d6st\extensions\default.xml Line:326 Column:106 The Attribute (Class = "D6MheTask", Attribute = "d6Schedule_tag") cannot be loaded because the Class "D6MheTask" does not exist. Either the Class "D6MheTask" is not defined in the model or the Class "D6MheTask" failed to load. ( Template Name : "d6st" )
Model Error: C:\Users\infodba\Desktop\BMIDE\d6st\extensions\default.xml Line:331 Column:50 The Attribute (Class = "D6MheTask", Attribute = "d6TaskTypeDval") cannot be loaded because the Class "D6MheTask" does not exist. Either the Class "D6MheTask" is not defined in the model or the Class "D6MheTask" failed to load. ( Template Name : "d6st" )
Model Error: C:\Users\infodba\Desktop\BMIDE\d6st\extensions\default.xml Line:337 Column:107 The Attribute (Class = "TimeSheetEntry", Attribute = "d6MheTask_tag") cannot be loaded because the Class "TimeSheetEntry" does not exist. Either the Class "TimeSheetEntry" is not defined in the model or the Class "TimeSheetEntry" failed to load. ( Template Name : "d6st" )
Model Error: C:\Users\infodba\Desktop\BMIDE\d6st\extensions\default.xml Line:476 Column:87 Undefined Business Object "WorkspaceObject" (parentTypeName) in TcStandardType element. ( Template Name : "d6st" )
Model Error: C:\Users\infodba\Desktop\BMIDE\d6st\extensions\default.xml Line:478 Column:77 Undefined Business Object "WorkspaceObject" (parentTypeName) in TcStandardType element. ( Template Name : "d6st" )
Model Error: C:\Users\infodba\Desktop\BMIDE\d6st\extensions\default.xml Line:540 Column:84 Undefined constant name "Fnd0SelectedLocales". ( Template Name : "d6st" )
Model Error: C:\Users\infodba\Desktop\BMIDE\d6st\extensions\default.xml Line:621 Column:12 Undefined Business Object "ListOfValuesString" (lovType) in TcLOV element. ( Template Name : "d6st" )
Model Error: C:\Users\infodba\Desktop\BMIDE\d6st\extensions\default.xml Line:625 Column:12 Undefined Business Object "ListOfValuesString" (lovType) in TcLOV element. ( Template Name : "d6st" )
Model Error: C:\Users\infodba\Desktop\BMIDE\d6st\extensions\default.xml Line:637 Column:12 Undefined Business Object "ListOfValuesString" (lovType) in TcLOV element. ( Template Name : "d6st" )
Model Error: C:\Users\infodba\Desktop\BMIDE\d6st\extensions\default.xml Line:639 Column:67 Undefined LOV "D6_YFAS_TaskType" ("targetLOVName") in TcLOVValueSubLOVAttach element ( Template Name : "d6st" )
Model Error: C:\Users\infodba\Desktop\BMIDE\d6st\extensions\default.xml Line:641 Column:67 Undefined LOV "D6_YFAS_TaskType" ("targetLOVName") in TcLOVValueSubLOVAttach element ( Template Name : "d6st" )
Model Error: C:\Users\infodba\Desktop\BMIDE\d6st\extensions\default.xml Line:643 Column:67 Undefined LOV "D6_YFAS_TaskType" ("targetLOVName") in TcLOVValueSubLOVAttach element ( Template Name : "d6st" )
Model Error: C:\Users\infodba\Desktop\BMIDE\d6st\extensions\default.xml Line:645 Column:67 Undefined LOV "D6_YFAS_TaskType" ("targetLOVName") in TcLOVValueSubLOVAttach element ( Template Name : "d6st" )
Model Error: C:\Users\infodba\Desktop\BMIDE\d6st\extensions\default.xml Line:647 Column:70 Undefined LOV "D6_YFAS_TaskType" ("targetLOVName") in TcLOVValueSubLOVAttach element ( Template Name : "d6st" )
Model Error: C:\Users\infodba\Desktop\BMIDE\d6st\extensions\default.xml Line:649 Column:67 Undefined LOV "D6_YFAS_TaskType" ("targetLOVName") in TcLOVValueSubLOVAttach element ( Template Name : "d6st" )
Model Error: C:\Users\infodba\Desktop\BMIDE\d6st\extensions\default.xml Line:651 Column:67 Undefined LOV "D6_YFAS_TaskType" ("targetLOVName") in TcLOVValueSubLOVAttach element ( Template Name : "d6st" )
Model Error: C:\Users\infodba\Desktop\BMIDE\d6st\extensions\default.xml Line:653 Column:70 Undefined LOV "D6_YFAS_TaskType" ("targetLOVName") in TcLOVValueSubLOVAttach element ( Template Name : "d6st" )
Model Error: C:\Users\infodba\Desktop\BMIDE\d6st\extensions\default.xml Line:655 Column:70 Undefined LOV "D6_YFAS_TaskType" ("targetLOVName") in TcLOVValueSubLOVAttach element ( Template Name : "d6st" )
Model Error: C:\Users\infodba\Desktop\BMIDE\d6st\extensions\default.xml Line:657 Column:67 Undefined LOV "D6_YFAS_TaskType" ("targetLOVName") in TcLOVValueSubLOVAttach element ( Template Name : "d6st" )
Model Error: C:\Users\infodba\Desktop\BMIDE\d6st\extensions\default.xml Line:659 Column:70 Undefined LOV "D6_YFAS_TaskType" ("targetLOVName") in TcLOVValueSubLOVAttach element ( Template Name : "d6st" )
Model Error: C:\Users\infodba\Desktop\BMIDE\d6st\extensions\default.xml Line:541 Column:107 Undefined constant name "CreateInput". ( Template Name : "d6st" )
Model Error: C:\Users\infodba\Desktop\BMIDE\d6st\extensions\default.xml Line:542 Column:97 Undefined constant name "CreateInput". ( Template Name : "d6st" )
Model Error: C:\Users\infodba\Desktop\BMIDE\d6st\extensions\default.xml Line:543 Column:107 Undefined constant name "SaveAsInput". ( Template Name : "d6st" )
Model Error: C:\Users\infodba\Desktop\BMIDE\d6st\extensions\default.xml Line:544 Column:97 Undefined constant name "SaveAsInput". ( Template Name : "d6st" )
Model Error: C:\Users\infodba\Desktop\BMIDE\d6st\extensions\default.xml Line:465 Column:62 The OperationInputType "D6ManHourEntryCreI" cannot be loaded because the parent Type "WorkspaceObjectCreI" does not exist. ( Template Name : "d6st" )
Model Error: C:\Users\infodba\Desktop\BMIDE\d6st\extensions\default.xml Line:468 Column:62 The OperationInputType "D6ManHourEntrySvAI" cannot be loaded because the parent Type "WorkspaceObjectSvAI" does not exist. ( Template Name : "d6st" )
Model Error: C:\Users\infodba\Desktop\BMIDE\d6st\extensions\default.xml Line:471 Column:57 The OperationInputType "D6MheTaskCreI" cannot be loaded because the parent Type "WorkspaceObjectCreI" does not exist. ( Template Name : "d6st" )
Model Error: C:\Users\infodba\Desktop\BMIDE\d6st\extensions\default.xml Line:474 Column:57 The OperationInputType "D6MheTaskSvAI" cannot be loaded because the parent Type "WorkspaceObjectSvAI" does not exist. ( Template Name : "d6st" )
Model Error: C:\Users\infodba\Desktop\BMIDE\d6st\extensions\default.xml Line:351 Column:24 Undefined Release tc9000.1.0 (createRelease) in OperationTemplate ( Template Name : "d6st" )
Model Error: C:\Users\infodba\Desktop\BMIDE\d6st\extensions\default.xml Line:378 Column:24 Undefined Release tc9000.1.0 (createRelease) in OperationTemplate ( Template Name : "d6st" )
Model Error: C:\Users\infodba\Desktop\BMIDE\d6st\extensions\default.xml Line:412 Column:24 Undefined Release tc9000.1.0 (createRelease) in OperationTemplate ( Template Name : "d6st" )
Model Error: C:\Users\infodba\Desktop\BMIDE\d6st\extensions\default.xml Line:432 Column:24 Undefined Release tc9000.1.0 (createRelease) in OperationTemplate ( Template Name : "d6st" )
Model Error: C:\Users\infodba\Desktop\BMIDE\d6st\extensions\default.xml Line:451 Column:24 Undefined Release tc9000.1.0 (createRelease) in OperationTemplate ( Template Name : "d6st" )
Model Error: C:\Users\infodba\Desktop\BMIDE\d6st\extensions\default.xml Line:462 Column:24 Undefined Release tc9000.1.0 (createRelease) in OperationTemplate ( Template Name : "d6st" )
Model Error: C:\Users\infodba\Desktop\BMIDE\d6st\extensions\default.xml Line:24 Column:22 Undefined ServiceInterface "D6::Soa::Work::ManHourManagement" in StructElement "myRefBR" ( Template Name : "d6st" )
Model Error: C:\Users\infodba\Desktop\BMIDE\d6st\extensions\default.xml Line:27 Column:22 Undefined ServiceInterface "D6::Soa::Work::ManHourManagement" in StructElement "billTypeInternal" ( Template Name : "d6st" )
Model Error: C:\Users\infodba\Desktop\BMIDE\d6st\extensions\default.xml Line:30 Column:22 Undefined ServiceInterface "D6::Soa::Work::ManHourManagement" in StructElement "billRateName" ( Template Name : "d6st" )
Model Error: C:\Users\infodba\Desktop\BMIDE\d6st\extensions\default.xml Line:36 Column:22 Undefined ServiceInterface "D6::Soa::Work::ManHourManagement" in StructElement "myUserName" ( Template Name : "d6st" )
Model Error: C:\Users\infodba\Desktop\BMIDE\d6st\extensions\default.xml Line:39 Column:22 Undefined ServiceInterface "D6::Soa::Work::ManHourManagement" in StructElement "myYear" ( Template Name : "d6st" )
Model Error: C:\Users\infodba\Desktop\BMIDE\d6st\extensions\default.xml Line:42 Column:22 Undefined ServiceInterface "D6::Soa::Work::ManHourManagement" in StructElement "myMonth" ( Template Name : "d6st" )
Model Error: C:\Users\infodba\Desktop\BMIDE\d6st\extensions\default.xml Line:45 Column:22 Undefined ServiceInterface "D6::Soa::Work::ManHourManagement" in StructElement "myDay" ( Template Name : "d6st" )
Model Error: C:\Users\infodba\Desktop\BMIDE\d6st\extensions\default.xml Line:48 Column:22 Undefined ServiceInterface "D6::Soa::Work::ManHourManagement" in StructElement "myDayOfWeek" ( Template Name : "d6st" )
Model Error: C:\Users\infodba\Desktop\BMIDE\d6st\extensions\default.xml Line:51 Column:22 Undefined ServiceInterface "D6::Soa::Work::ManHourManagement" in StructElement "myHoliday" ( Template Name : "d6st" )
Model Error: C:\Users\infodba\Desktop\BMIDE\d6st\extensions\default.xml Line:54 Column:22 Undefined ServiceInterface "D6::Soa::Work::ManHourManagement" in StructElement "workRequired" ( Template Name : "d6st" )
Model Error: C:\Users\infodba\Desktop\BMIDE\d6st\extensions\default.xml Line:57 Column:22 Undefined ServiceInterface "D6::Soa::Work::ManHourManagement" in StructElement "myPrjName" ( Template Name : "d6st" )
Model Error: C:\Users\infodba\Desktop\BMIDE\d6st\extensions\default.xml Line:60 Column:22 Undefined ServiceInterface "D6::Soa::Work::ManHourManagement" in StructElement "myPrjId" ( Template Name : "d6st" )
Model Error: C:\Users\infodba\Desktop\BMIDE\d6st\extensions\default.xml Line:63 Column:22 Undefined ServiceInterface "D6::Soa::Work::ManHourManagement" in StructElement "myTaskType" ( Template Name : "d6st" )
Model Error: C:\Users\infodba\Desktop\BMIDE\d6st\extensions\default.xml Line:66 Column:22 Undefined ServiceInterface "D6::Soa::Work::ManHourManagement" in StructElement "myTaskTypeDval" ( Template Name : "d6st" )
Model Error: C:\Users\infodba\Desktop\BMIDE\d6st\extensions\default.xml Line:69 Column:22 Undefined ServiceInterface "D6::Soa::Work::ManHourManagement" in StructElement "billType" ( Template Name : "d6st" )
Model Error: C:\Users\infodba\Desktop\BMIDE\d6st\extensions\default.xml Line:72 Column:22 Undefined ServiceInterface "D6::Soa::Work::ManHourManagement" in StructElement "myRefBR" ( Template Name : "d6st" )
Model Error: C:\Users\infodba\Desktop\BMIDE\d6st\extensions\default.xml Line:75 Column:22 Undefined ServiceInterface "D6::Soa::Work::ManHourManagement" in StructElement "workingHours" ( Template Name : "d6st" )
Model Error: C:\Users\infodba\Desktop\BMIDE\d6st\extensions\default.xml Line:78 Column:22 Undefined ServiceInterface "D6::Soa::Work::ManHourManagement" in StructElement "myRefTE" ( Template Name : "d6st" )
Model Error: C:\Users\infodba\Desktop\BMIDE\d6st\extensions\default.xml Line:81 Column:22 Undefined ServiceInterface "D6::Soa::Work::ManHourManagement" in StructElement "tseStatus" ( Template Name : "d6st" )
Model Error: C:\Users\infodba\Desktop\BMIDE\d6st\extensions\default.xml Line:84 Column:22 Undefined ServiceInterface "D6::Soa::Work::ManHourManagement" in StructElement "myRefMHE" ( Template Name : "d6st" )
Model Error: C:\Users\infodba\Desktop\BMIDE\d6st\extensions\default.xml Line:87 Column:22 Undefined ServiceInterface "D6::Soa::Work::ManHourManagement" in StructElement "row" ( Template Name : "d6st" )
Model Error: C:\Users\infodba\Desktop\BMIDE\d6st\extensions\default.xml Line:90 Column:22 Undefined ServiceInterface "D6::Soa::Work::ManHourManagement" in StructElement "col" ( Template Name : "d6st" )
Model Error: C:\Users\infodba\Desktop\BMIDE\d6st\extensions\default.xml Line:93 Column:22 Undefined ServiceInterface "D6::Soa::Work::ManHourManagement" in StructElement "billTypeInternal" ( Template Name : "d6st" )
Model Error: C:\Users\infodba\Desktop\BMIDE\d6st\extensions\default.xml Line:101 Column:22 Undefined ServiceInterface "D6::Soa::Work::ManHourManagement" in StructElement "mheSet" ( Template Name : "d6st" )
Model Error: C:\Users\infodba\Desktop\BMIDE\d6st\extensions\default.xml Line:107 Column:22 Undefined ServiceInterface "D6::Soa::Work::ManHourManagement" in StructElement "myUserName" ( Template Name : "d6st" )
Model Error: C:\Users\infodba\Desktop\BMIDE\d6st\extensions\default.xml Line:110 Column:22 Undefined ServiceInterface "D6::Soa::Work::ManHourManagement" in StructElement "myPosition" ( Template Name : "d6st" )
Model Error: C:\Users\infodba\Desktop\BMIDE\d6st\extensions\default.xml Line:113 Column:22 Undefined ServiceInterface "D6::Soa::Work::ManHourManagement" in StructElement "myYear" ( Template Name : "d6st" )
Model Error: C:\Users\infodba\Desktop\BMIDE\d6st\extensions\default.xml Line:116 Column:22 Undefined ServiceInterface "D6::Soa::Work::ManHourManagement" in StructElement "myMonth" ( Template Name : "d6st" )
Model Error: C:\Users\infodba\Desktop\BMIDE\d6st\extensions\default.xml Line:119 Column:22 Undefined ServiceInterface "D6::Soa::Work::ManHourManagement" in StructElement "totalDays" ( Template Name : "d6st" )
Model Error: C:\Users\infodba\Desktop\BMIDE\d6st\extensions\default.xml Line:124 Column:22 Undefined ServiceInterface "D6::Soa::Work::ManHourManagement" in StructElement "theMonthTmp" ( Template Name : "d6st" )
Model Error: C:\Users\infodba\Desktop\BMIDE\d6st\extensions\default.xml Line:129 Column:22 Undefined ServiceInterface "D6::Soa::Work::ManHourManagement" in StructElement "theProgramSet" ( Template Name : "d6st" )
Model Error: C:\Users\infodba\Desktop\BMIDE\d6st\extensions\default.xml Line:132 Column:22 Undefined ServiceInterface "D6::Soa::Work::ManHourManagement" in StructElement "isHourlyBasedUser" ( Template Name : "d6st" )
Model Error: C:\Users\infodba\Desktop\BMIDE\d6st\extensions\default.xml Line:135 Column:22 Undefined ServiceInterface "D6::Soa::Work::ManHourManagement" in StructElement "isManHourEditable" ( Template Name : "d6st" )
Model Error: C:\Users\infodba\Desktop\BMIDE\d6st\extensions\default.xml Line:140 Column:22 Undefined ServiceInterface "D6::Soa::Work::ManHourManagement" in StructElement "theBillTypeSet" ( Template Name : "d6st" )
Model Error: C:\Users\infodba\Desktop\BMIDE\d6st\extensions\default.xml Line:146 Column:22 Undefined ServiceInterface "D6::Soa::Work::ManHourManagement" in StructElement "dayOfMonth" ( Template Name : "d6st" )
Model Error: C:\Users\infodba\Desktop\BMIDE\d6st\extensions\default.xml Line:149 Column:22 Undefined ServiceInterface "D6::Soa::Work::ManHourManagement" in StructElement "dayOfWeek" ( Template Name : "d6st" )
Model Error: C:\Users\infodba\Desktop\BMIDE\d6st\extensions\default.xml Line:152 Column:22 Undefined ServiceInterface "D6::Soa::Work::ManHourManagement" in StructElement "isWeekend" ( Template Name : "d6st" )
Model Error: C:\Users\infodba\Desktop\BMIDE\d6st\extensions\default.xml Line:155 Column:22 Undefined ServiceInterface "D6::Soa::Work::ManHourManagement" in StructElement "isHoliday" ( Template Name : "d6st" )
Model Error: C:\Users\infodba\Desktop\BMIDE\d6st\extensions\default.xml Line:158 Column:22 Undefined ServiceInterface "D6::Soa::Work::ManHourManagement" in StructElement "holidayName" ( Template Name : "d6st" )
Model Error: C:\Users\infodba\Desktop\BMIDE\d6st\extensions\default.xml Line:161 Column:22 Undefined ServiceInterface "D6::Soa::Work::ManHourManagement" in StructElement "isWorkRequired" ( Template Name : "d6st" )
Model Error: C:\Users\infodba\Desktop\BMIDE\d6st\extensions\default.xml Line:167 Column:22 Undefined ServiceInterface "D6::Soa::Work::ManHourManagement" in StructElement "prjId" ( Template Name : "d6st" )
Model Error: C:\Users\infodba\Desktop\BMIDE\d6st\extensions\default.xml Line:170 Column:22 Undefined ServiceInterface "D6::Soa::Work::ManHourManagement" in StructElement "prjName" ( Template Name : "d6st" )
Model Error: C:\Users\infodba\Desktop\BMIDE\d6st\extensions\default.xml Line:173 Column:22 Undefined ServiceInterface "D6::Soa::Work::ManHourManagement" in StructElement "tskType" ( Template Name : "d6st" )
Model Error: C:\Users\infodba\Desktop\BMIDE\d6st\extensions\default.xml Line:176 Column:22 Undefined ServiceInterface "D6::Soa::Work::ManHourManagement" in StructElement "tskTypeDval" ( Template Name : "d6st" )
Model Error: C:\Users\infodba\Desktop\BMIDE\d6st\extensions\default.xml Line:179 Column:22 Undefined ServiceInterface "D6::Soa::Work::ManHourManagement" in StructElement "stkTag" ( Template Name : "d6st" )
Model Error: C:\Users\infodba\Desktop\BMIDE\d6st\extensions\default.xml Line:182 Column:22 Undefined ServiceInterface "D6::Soa::Work::ManHourManagement" in StructElement "startDay" ( Template Name : "d6st" )
Model Error: C:\Users\infodba\Desktop\BMIDE\d6st\extensions\default.xml Line:185 Column:22 Undefined ServiceInterface "D6::Soa::Work::ManHourManagement" in StructElement "endDay" ( Template Name : "d6st" )
Model Error: C:\Users\infodba\Desktop\BMIDE\d6st\extensions\default.xml Line:188 Column:22 Undefined ServiceInterface "D6::Soa::Work::ManHourManagement" in StructElement "prjStartYear" ( Template Name : "d6st" )
Model Error: C:\Users\infodba\Desktop\BMIDE\d6st\extensions\default.xml Line:191 Column:22 Undefined ServiceInterface "D6::Soa::Work::ManHourManagement" in StructElement "prjStartMonth" ( Template Name : "d6st" )
Model Error: C:\Users\infodba\Desktop\BMIDE\d6st\extensions\default.xml Line:194 Column:22 Undefined ServiceInterface "D6::Soa::Work::ManHourManagement" in StructElement "prjStartDay" ( Template Name : "d6st" )
Model Error: C:\Users\infodba\Desktop\BMIDE\d6st\extensions\default.xml Line:197 Column:22 Undefined ServiceInterface "D6::Soa::Work::ManHourManagement" in StructElement "prjEndYear" ( Template Name : "d6st" )
Model Error: C:\Users\infodba\Desktop\BMIDE\d6st\extensions\default.xml Line:200 Column:22 Undefined ServiceInterface "D6::Soa::Work::ManHourManagement" in StructElement "prjEndMonth" ( Template Name : "d6st" )
Model Error: C:\Users\infodba\Desktop\BMIDE\d6st\extensions\default.xml Line:203 Column:22 Undefined ServiceInterface "D6::Soa::Work::ManHourManagement" in StructElement "prjEndDay" ( Template Name : "d6st" )
Model Error: C:\Users\infodba\Desktop\BMIDE\d6st\extensions\default.xml Line:206 Column:22 Undefined ServiceInterface "D6::Soa::Work::ManHourManagement" in StructElement "schTag" ( Template Name : "d6st" )
Model Error: C:\Users\infodba\Desktop\BMIDE\d6st\extensions\default.xml Line:546 Column:23 Undefined constant name "Modifiable". ( Template Name : "d6st" )
Model Error: C:\Users\infodba\Desktop\BMIDE\d6st\extensions\default.xml Line:548 Column:23 Undefined constant name "Modifiable". ( Template Name : "d6st" )
Model Error: C:\Users\infodba\Desktop\BMIDE\d6st\extensions\default.xml Line:550 Column:23 Undefined constant name "Modifiable". ( Template Name : "d6st" )
Model Error: C:\Users\infodba\Desktop\BMIDE\d6st\extensions\default.xml Line:552 Column:23 Undefined constant name "Modifiable". ( Template Name : "d6st" )
Model Error: C:\Users\infodba\Desktop\BMIDE\d6st\extensions\default.xml Line:554 Column:23 Undefined constant name "Modifiable". ( Template Name : "d6st" )
Model Error: C:\Users\infodba\Desktop\BMIDE\d6st\extensions\default.xml Line:556 Column:23 Undefined constant name "Modifiable". ( Template Name : "d6st" )
Model Error: C:\Users\infodba\Desktop\BMIDE\d6st\extensions\default.xml Line:558 Column:23 Undefined constant name "Modifiable". ( Template Name : "d6st" )
Model Error: C:\Users\infodba\Desktop\BMIDE\d6st\extensions\default.xml Line:560 Column:23 Undefined constant name "Modifiable". ( Template Name : "d6st" )
Model Error: C:\Users\infodba\Desktop\BMIDE\d6st\extensions\default.xml Line:562 Column:23 Undefined constant name "Modifiable". ( Template Name : "d6st" )
Model Error: C:\Users\infodba\Desktop\BMIDE\d6st\extensions\default.xml Line:564 Column:23 Undefined constant name "Modifiable". ( Template Name : "d6st" )
Model Error: C:\Users\infodba\Desktop\BMIDE\d6st\extensions\default.xml Line:566 Column:23 Undefined constant name "Modifiable". ( Template Name : "d6st" )
Model Error: C:\Users\infodba\Desktop\BMIDE\d6st\extensions\default.xml Line:568 Column:23 Undefined constant name "Modifiable". ( Template Name : "d6st" )
Model Error: C:\Users\infodba\Desktop\BMIDE\d6st\extensions\default.xml Line:570 Column:23 Undefined constant name "Modifiable". ( Template Name : "d6st" )
Model Error: C:\Users\infodba\Desktop\BMIDE\d6st\extensions\default.xml Line:572 Column:23 Undefined constant name "Modifiable". ( Template Name : "d6st" )
Model Error: C:\Users\infodba\Desktop\BMIDE\d6st\extensions\default.xml Line:574 Column:23 Undefined constant name "Modifiable". ( Template Name : "d6st" )
Model Error: C:\Users\infodba\Desktop\BMIDE\d6st\extensions\default.xml Line:576 Column:23 Undefined constant name "Modifiable". ( Template Name : "d6st" )
Model Error: C:\Users\infodba\Desktop\BMIDE\d6st\extensions\default.xml Line:578 Column:23 Undefined constant name "Modifiable". ( Template Name : "d6st" )
Model Error: C:\Users\infodba\Desktop\BMIDE\d6st\extensions\default.xml Line:580 Column:23 Undefined constant name "Modifiable". ( Template Name : "d6st" )
Model Error: C:\Users\infodba\Desktop\BMIDE\d6st\extensions\default.xml Line:582 Column:23 Undefined constant name "Modifiable". ( Template Name : "d6st" )
Model Error: C:\Users\infodba\Desktop\BMIDE\d6st\extensions\default.xml Line:584 Column:23 Undefined constant name "Modifiable". ( Template Name : "d6st" )
Model Error: C:\Users\infodba\Desktop\BMIDE\d6st\extensions\default.xml Line:586 Column:23 Undefined constant name "Modifiable". ( Template Name : "d6st" )
Model Error: C:\Users\infodba\Desktop\BMIDE\d6st\extensions\default.xml Line:588 Column:23 Undefined constant name "Modifiable". ( Template Name : "d6st" )
Model Error: C:\Users\infodba\Desktop\BMIDE\d6st\extensions\default.xml Line:590 Column:23 Undefined constant name "Modifiable". ( Template Name : "d6st" )
Model Error: C:\Users\infodba\Desktop\BMIDE\d6st\extensions\default.xml Line:592 Column:23 Undefined constant name "Modifiable". ( Template Name : "d6st" )
Model Error: C:\Users\infodba\Desktop\BMIDE\d6st\extensions\default.xml Line:594 Column:23 Undefined constant name "Modifiable". ( Template Name : "d6st" )
Model Error: C:\Users\infodba\Desktop\BMIDE\d6st\extensions\default.xml Line:596 Column:23 Undefined constant name "Modifiable". ( Template Name : "d6st" )
Model Error: C:\Users\infodba\Desktop\BMIDE\d6st\extensions\default.xml Line:598 Column:23 Undefined constant name "Modifiable". ( Template Name : "d6st" )
Model Error: C:\Users\infodba\Desktop\BMIDE\d6st\extensions\default.xml Line:600 Column:23 Undefined constant name "Modifiable". ( Template Name : "d6st" )
Model Error: C:\Users\infodba\Desktop\BMIDE\d6st\extensions\default.xml Line:602 Column:23 Undefined constant name "Modifiable". ( Template Name : "d6st" )
Model Error: C:\Users\infodba\Desktop\BMIDE\d6st\extensions\default.xml Line:604 Column:23 Undefined constant name "Modifiable". ( Template Name : "d6st" )
Model Error: C:\Users\infodba\Desktop\BMIDE\d6st\extensions\default.xml Line:606 Column:23 Undefined constant name "Modifiable". ( Template Name : "d6st" )
Model Error: C:\Users\infodba\Desktop\BMIDE\d6st\extensions\default.xml Line:489 Column:16 Undefined Release tc9000.1.0 (createRelease) in Operation ( Template Name : "d6st" )
Model Error: C:\Users\infodba\Desktop\BMIDE\d6st\extensions\default.xml Line:500 Column:16 Undefined Release tc9000.1.0 (createRelease) in Operation ( Template Name : "d6st" )
Model Error: C:\Users\infodba\Desktop\BMIDE\d6st\extensions\default.xml Line:509 Column:16 Undefined Release tc9000.1.0 (createRelease) in Operation ( Template Name : "d6st" )
Model Error: C:\Users\infodba\Desktop\BMIDE\d6st\extensions\default.xml Line:516 Column:16 Undefined Release tc9000.1.0 (createRelease) in Operation ( Template Name : "d6st" )
Model Error: C:\Users\infodba\Desktop\BMIDE\d6st\extensions\default.xml Line:527 Column:16 Undefined Release tc9000.1.0 (createRelease) in Operation ( Template Name : "d6st" )
Model Error: C:\Users\infodba\Desktop\BMIDE\d6st\extensions\default.xml Line:539 Column:16 Undefined Release tc9000.1.0 (createRelease) in Operation ( Template Name : "d6st" )
Model Error: C:\Users\infodba\Desktop\BMIDE\d6st\extensions\default.xml Line:663 Column:18 Undefined Business Object "D6MheTask" (typeName) in TcLOVAttach element. ( Template Name : "d6st" )
