生成启动时间为 2020/1/7 10:12:42。
     1>项目“C:\Users\infodba\Desktop\BMIDE\C\libJCI6YJ6exts\libJCI6YJ6exts\libJCI6YJ6exts.vcxproj”在节点 2 上(Rebuild 个目标)。
     1>ClCompile:
         C:\Program Files (x86)\Microsoft Visual Studio 11.0\VC\bin\x86_amd64\CL.exe /c /IC:\Siemens\Teamcenter11\include /IC:\Siemens\Teamcenter11\include_cpp /Zi /nologo /W0 /WX- /O2 /D IPLIB=none /D _WINDLL /D _UNICODE /D UNICODE /Gm- /EHsc /MD /GS /fp:precise /Zc:wchar_t /Zc:forScope /Fo"x64\Release\\" /Fd"x64\Release\vc110.pdb" /Gd /TP /errorReport:prompt ..\src\bmf_autoUpdateSOPFisYear.cxx ..\src\bmf_programinfo_change_closedate.cxx ..\src\bmf_set_programinfo_date.cxx ..\src\yfjc_assign_manager.cxx ..\src\yfjc_common_itk_util.cxx ..\src\yfjc_create_lcc_cost.cxx ..\src\yfjc_delete_lcc_cost.cxx ..\src\yfjc_ebp_ask_DesignReq_ValidValue.cxx ..\src\yfjc_ebp_ask_timesheetentry_hour.cxx ..\src\yfjc_ebp_automatic_calculation_EQU.cxx ..\src\yfjc_ebp_auto_assign_PEF.cxx ..\src\yfjc_ebp_auto_assign_PKR.cxx ..\src\yfjc_ebp_ccl_switch_objects.cxx ..\src\yfjc_ebp_check_overduelogtime.cxx ..\src\yfjc_ebp_custom_main.cxx ..\src\yfjc_ebp_deleteCostInfo_Handler.cxx ..\src\yfjc_ebp_Delete_schedule_task_check.cxx ..\src\yfjc_ebp_getDRCheckResult.cxx ..\src\yfjc_ebp_getXSOGBGRateValue.cxx ..\src\yfjc_ebp_getXSOReviewStatusValue.cxx ..\src\yfjc_ebp_getXSORevInfo.cxx ..\src\yfjc_ebp_get_workingdates.cxx ..\src\yfjc_ebp_head.cxx ..\src\yfjc_ebp_importhyperion.cxx ..\src\yfjc_ebp_importPersonPlan.cxx ..\src\yfjc_ebp_importProgramInfo.cxx ..\src\yfjc_ebp_importTimeLog.cxx ..\src\yfjc_ebp_isLeadEngineer.cxx ..\src\yfjc_ebp_list_division.cxx ..\src\yfjc_ebp_pef_itemrev_post_action.cxx ..\src\yfjc_ebp_postActionsForNewProj.cxx ..\src\yfjc_ebp_pre_actions_for_new_proj.cxx ..\src\yfjc_ebp_programInfoExt.cxx ..\src\yfjc_ebp_programinfo_property_sum.cxx ..\src\yfjc_ebp_reject_overdue_timesheet.cxx ..\src\yfjc_ebp_remove_default_assignee.cxx ..\src\yfjc_ebp_revise_XSOInfo.cxx ..\src\yfjc_ebp_server_exits_custom.cxx ..\src\yfjc_ebp_setXSODefaultDateValue.cxx ..\src\yfjc_ebp_timesheetEntryControl.cxx ..\src\yfjc_ebp_timesheetEntry_isOverDue.cxx ..\src\yfjc_ebp_timesheetEntry_prop.cxx ..\src\yfjc_ebp_transToCostInfo.cxx ..\src\yfjc_ebp_updateCostAfterLogTime.cxx ..\src\yfjc_ebp_updateProjCloseDate.cxx ..\src\yfjc_ebp_updateProjInfoRevStatus.cxx ..\src\yfjc_ebp_update_programinfo_reopenTime_and_phase0Time.cxx ..\src\yfjc_ebp_userservice_create_item.cxx ..\src\yfjc_ebp_userservice_setSignOff.cxx ..\src\yfjc_ebp_userservice_update_programinfo.cxx ..\src\yfjc_notify_with_signoff_report.cxx ..\src\yfjc_time.cxx ..\src\yfjc_transfer_forecast_costinfo.cxx ..\src\yfjc_transfer_timesheetentry.cxx
         bmf_autoUpdateSOPFisYear.cxx
         bmf_programinfo_change_closedate.cxx
         bmf_set_programinfo_date.cxx
         yfjc_assign_manager.cxx
         yfjc_common_itk_util.cxx
         yfjc_create_lcc_cost.cxx
         yfjc_delete_lcc_cost.cxx
         yfjc_ebp_ask_DesignReq_ValidValue.cxx
         yfjc_ebp_ask_timesheetentry_hour.cxx
         yfjc_ebp_automatic_calculation_EQU.cxx
         yfjc_ebp_auto_assign_PEF.cxx
         yfjc_ebp_auto_assign_PKR.cxx
         yfjc_ebp_ccl_switch_objects.cxx
         yfjc_ebp_check_overduelogtime.cxx
         yfjc_ebp_custom_main.cxx
         yfjc_ebp_deleteCostInfo_Handler.cxx
         yfjc_ebp_Delete_schedule_task_check.cxx
         yfjc_ebp_getDRCheckResult.cxx
         yfjc_ebp_getXSOGBGRateValue.cxx
         yfjc_ebp_getXSOReviewStatusValue.cxx
         正在生成代码...
         正在编译...
         yfjc_ebp_getXSORevInfo.cxx
         yfjc_ebp_get_workingdates.cxx
         yfjc_ebp_head.cxx
         yfjc_ebp_importhyperion.cxx
         yfjc_ebp_importPersonPlan.cxx
         yfjc_ebp_importProgramInfo.cxx
         yfjc_ebp_importTimeLog.cxx
         yfjc_ebp_isLeadEngineer.cxx
         yfjc_ebp_list_division.cxx
         yfjc_ebp_pef_itemrev_post_action.cxx
         yfjc_ebp_postActionsForNewProj.cxx
         yfjc_ebp_pre_actions_for_new_proj.cxx
         yfjc_ebp_programInfoExt.cxx
         yfjc_ebp_programinfo_property_sum.cxx
         yfjc_ebp_reject_overdue_timesheet.cxx
         yfjc_ebp_remove_default_assignee.cxx
         yfjc_ebp_revise_XSOInfo.cxx
         yfjc_ebp_server_exits_custom.cxx
         yfjc_ebp_setXSODefaultDateValue.cxx
         yfjc_ebp_timesheetEntryControl.cxx
         正在生成代码...
         正在编译...
         yfjc_ebp_timesheetEntry_isOverDue.cxx
         yfjc_ebp_timesheetEntry_prop.cxx
         yfjc_ebp_transToCostInfo.cxx
         yfjc_ebp_updateCostAfterLogTime.cxx
         yfjc_ebp_updateProjCloseDate.cxx
         yfjc_ebp_updateProjInfoRevStatus.cxx
         yfjc_ebp_update_programinfo_reopenTime_and_phase0Time.cxx
         yfjc_ebp_userservice_create_item.cxx
         yfjc_ebp_userservice_setSignOff.cxx
         yfjc_ebp_userservice_update_programinfo.cxx
         yfjc_notify_with_signoff_report.cxx
         yfjc_time.cxx
         yfjc_transfer_forecast_costinfo.cxx
         yfjc_transfer_timesheetentry.cxx
         正在生成代码...
       Link:
         C:\Program Files (x86)\Microsoft Visual Studio 11.0\VC\bin\x86_amd64\link.exe /ERRORREPORT:PROMPT /OUT:"C:\Users\infodba\Desktop\BMIDE\C\libJCI6YJ6exts\x64\Release\libJCI6YJ6exts.dll" /NOLOGO "C:\Siemens\Teamcenter11\lib\*.lib" kernel32.lib user32.lib gdi32.lib winspool.lib comdlg32.lib advapi32.lib shell32.lib ole32.lib oleaut32.lib uuid.lib odbc32.lib odbccp32.lib /NODEFAULTLIB:libuser_exits.ar.lib /MANIFEST /MANIFESTUAC:"level='asInvoker' uiAccess='false'" /manifest:embed /PDB:"C:\Users\infodba\Desktop\BMIDE\C\libJCI6YJ6exts\x64\Release\libJCI6YJ6exts.pdb" /TLBID:1 /DYNAMICBASE /NXCOMPAT /IMPLIB:"C:\Users\infodba\Desktop\BMIDE\C\libJCI6YJ6exts\x64\Release\libJCI6YJ6exts.lib" /MACHINE:X64 /DLL x64\Release\bmf_autoUpdateSOPFisYear.obj
         x64\Release\bmf_programinfo_change_closedate.obj
         x64\Release\bmf_set_programinfo_date.obj
         x64\Release\yfjc_assign_manager.obj
         x64\Release\yfjc_common_itk_util.obj
         x64\Release\yfjc_create_lcc_cost.obj
         x64\Release\yfjc_delete_lcc_cost.obj
         x64\Release\yfjc_ebp_ask_DesignReq_ValidValue.obj
         x64\Release\yfjc_ebp_ask_timesheetentry_hour.obj
         x64\Release\yfjc_ebp_automatic_calculation_EQU.obj
         x64\Release\yfjc_ebp_auto_assign_PEF.obj
         x64\Release\yfjc_ebp_auto_assign_PKR.obj
         x64\Release\yfjc_ebp_ccl_switch_objects.obj
         x64\Release\yfjc_ebp_check_overduelogtime.obj
         x64\Release\yfjc_ebp_custom_main.obj
         x64\Release\yfjc_ebp_deleteCostInfo_Handler.obj
         x64\Release\yfjc_ebp_Delete_schedule_task_check.obj
         x64\Release\yfjc_ebp_getDRCheckResult.obj
         x64\Release\yfjc_ebp_getXSOGBGRateValue.obj
         x64\Release\yfjc_ebp_getXSOReviewStatusValue.obj
         x64\Release\yfjc_ebp_getXSORevInfo.obj
         x64\Release\yfjc_ebp_get_workingdates.obj
         x64\Release\yfjc_ebp_head.obj
         x64\Release\yfjc_ebp_importhyperion.obj
         x64\Release\yfjc_ebp_importPersonPlan.obj
         x64\Release\yfjc_ebp_importProgramInfo.obj
         x64\Release\yfjc_ebp_importTimeLog.obj
         x64\Release\yfjc_ebp_isLeadEngineer.obj
         x64\Release\yfjc_ebp_list_division.obj
         x64\Release\yfjc_ebp_pef_itemrev_post_action.obj
         x64\Release\yfjc_ebp_postActionsForNewProj.obj
         x64\Release\yfjc_ebp_pre_actions_for_new_proj.obj
         x64\Release\yfjc_ebp_programInfoExt.obj
         x64\Release\yfjc_ebp_programinfo_property_sum.obj
         x64\Release\yfjc_ebp_reject_overdue_timesheet.obj
         x64\Release\yfjc_ebp_remove_default_assignee.obj
         x64\Release\yfjc_ebp_revise_XSOInfo.obj
         x64\Release\yfjc_ebp_server_exits_custom.obj
         x64\Release\yfjc_ebp_setXSODefaultDateValue.obj
         x64\Release\yfjc_ebp_timesheetEntryControl.obj
         x64\Release\yfjc_ebp_timesheetEntry_isOverDue.obj
         x64\Release\yfjc_ebp_timesheetEntry_prop.obj
         x64\Release\yfjc_ebp_transToCostInfo.obj
         x64\Release\yfjc_ebp_updateCostAfterLogTime.obj
         x64\Release\yfjc_ebp_updateProjCloseDate.obj
         x64\Release\yfjc_ebp_updateProjInfoRevStatus.obj
         x64\Release\yfjc_ebp_update_programinfo_reopenTime_and_phase0Time.obj
         x64\Release\yfjc_ebp_userservice_create_item.obj
         x64\Release\yfjc_ebp_userservice_setSignOff.obj
         x64\Release\yfjc_ebp_userservice_update_programinfo.obj
         x64\Release\yfjc_notify_with_signoff_report.obj
         x64\Release\yfjc_time.obj
         x64\Release\yfjc_transfer_forecast_costinfo.obj
         x64\Release\yfjc_transfer_timesheetentry.obj
            正在创建库 C:\Users\infodba\Desktop\BMIDE\C\libJCI6YJ6exts\x64\Release\libJCI6YJ6exts.lib 和对象 C:\Users\infodba\Desktop\BMIDE\C\libJCI6YJ6exts\x64\Release\libJCI6YJ6exts.exp
         libJCI6YJ6exts.vcxproj -> C:\Users\infodba\Desktop\BMIDE\C\libJCI6YJ6exts\x64\Release\libJCI6YJ6exts.dll
     1>已完成生成项目“C:\Users\infodba\Desktop\BMIDE\C\libJCI6YJ6exts\libJCI6YJ6exts\libJCI6YJ6exts.vcxproj”(Rebuild 个目标)的操作。

生成成功。

已用时间 00:00:44.84
