C:\USERS\INFODBA\DESKTOP\BMIDE\C\LIBJCI6YJ6EXTS\LIBJCI6YJ6EXTS\X64\RELEASE\YFJC_EBP_GETXSOREVIEWSTATUSVALUE.OBJ
C:\USERS\INFODBA\DESKTOP\BMIDE\C\LIBJCI6YJ6EXTS\LIBJCI6YJ6EXTS\X64\RELEASE\YFJC_EBP_GETXSOGBGRATEVALUE.OBJ
C:\USERS\INFODBA\DESKTOP\BMIDE\C\LIBJCI6YJ6EXTS\LIBJCI6YJ6EXTS\X64\RELEASE\YFJC_EBP_GETDRCHECKRESULT.OBJ
C:\USERS\INFODBA\DESKTOP\BMIDE\C\LIBJCI6YJ6EXTS\LIBJCI6YJ6EXTS\X64\RELEASE\YFJC_EBP_DELETE_SCHEDULE_TASK_CHECK.OBJ
C:\USERS\INFODBA\DESKTOP\BMIDE\C\LIBJCI6YJ6EXTS\LIBJCI6YJ6EXTS\X64\RELEASE\YFJC_EBP_DELETECOSTINFO_HANDLER.OBJ
C:\USERS\INFODBA\DESKTOP\BMIDE\C\LIBJCI6YJ6EXTS\LIBJCI6YJ6EXTS\X64\RELEASE\YFJC_EBP_CUSTOM_MAIN.OBJ
C:\USERS\INFODBA\DESKTOP\BMIDE\C\LIBJCI6YJ6EXTS\LIBJCI6YJ6EXTS\X64\RELEASE\YFJC_EBP_CHECK_OVERDUELOGTIME.OBJ
C:\USERS\INFODBA\DESKTOP\BMIDE\C\LIBJCI6YJ6EXTS\LIBJCI6YJ6EXTS\X64\RELEASE\YFJC_EBP_CCL_SWITCH_OBJECTS.OBJ
C:\USERS\INFODBA\DESKTOP\BMIDE\C\LIBJCI6YJ6EXTS\LIBJCI6YJ6EXTS\X64\RELEASE\YFJC_EBP_AUTO_ASSIGN_PKR.OBJ
C:\USERS\INFODBA\DESKTOP\BMIDE\C\LIBJCI6YJ6EXTS\LIBJCI6YJ6EXTS\X64\RELEASE\YFJC_EBP_AUTO_ASSIGN_PEF.OBJ
C:\USERS\INFODBA\DESKTOP\BMIDE\C\LIBJCI6YJ6EXTS\LIBJCI6YJ6EXTS\X64\RELEASE\YFJC_EBP_AUTOMATIC_CALCULATION_EQU.OBJ
C:\USERS\INFODBA\DESKTOP\BMIDE\C\LIBJCI6YJ6EXTS\LIBJCI6YJ6EXTS\X64\RELEASE\YFJC_EBP_ASK_TIMESHEETENTRY_HOUR.OBJ
C:\USERS\INFODBA\DESKTOP\BMIDE\C\LIBJCI6YJ6EXTS\LIBJCI6YJ6EXTS\X64\RELEASE\YFJC_EBP_ASK_DESIGNREQ_VALIDVALUE.OBJ
C:\USERS\INFODBA\DESKTOP\BMIDE\C\LIBJCI6YJ6EXTS\LIBJCI6YJ6EXTS\X64\RELEASE\YFJC_DELETE_LCC_COST.OBJ
C:\USERS\INFODBA\DESKTOP\BMIDE\C\LIBJCI6YJ6EXTS\LIBJCI6YJ6EXTS\X64\RELEASE\YFJC_CREATE_LCC_COST.OBJ
C:\USERS\INFODBA\DESKTOP\BMIDE\C\LIBJCI6YJ6EXTS\LIBJCI6YJ6EXTS\X64\RELEASE\YFJC_COMMON_ITK_UTIL.OBJ
C:\USERS\INFODBA\DESKTOP\BMIDE\C\LIBJCI6YJ6EXTS\LIBJCI6YJ6EXTS\X64\RELEASE\YFJC_ASSIGN_MANAGER.OBJ
C:\USERS\INFODBA\DESKTOP\BMIDE\C\LIBJCI6YJ6EXTS\LIBJCI6YJ6EXTS\X64\RELEASE\BMF_SET_PROGRAMINFO_DATE.OBJ
C:\USERS\INFODBA\DESKTOP\BMIDE\C\LIBJCI6YJ6EXTS\LIBJCI6YJ6EXTS\X64\RELEASE\BMF_PROGRAMINFO_CHANGE_CLOSEDATE.OBJ
C:\USERS\INFODBA\DESKTOP\BMIDE\C\LIBJCI6YJ6EXTS\LIBJCI6YJ6EXTS\X64\RELEASE\BMF_AUTOUPDATESOPFISYEAR.OBJ
C:\USERS\INFODBA\DESKTOP\BMIDE\C\LIBJCI6YJ6EXTS\LIBJCI6YJ6EXTS\X64\RELEASE\YFJC_EBP_TIMESHEETENTRYCONTROL.OBJ
C:\USERS\INFODBA\DESKTOP\BMIDE\C\LIBJCI6YJ6EXTS\LIBJCI6YJ6EXTS\X64\RELEASE\YFJC_EBP_SETXSODEFAULTDATEVALUE.OBJ
C:\USERS\INFODBA\DESKTOP\BMIDE\C\LIBJCI6YJ6EXTS\LIBJCI6YJ6EXTS\X64\RELEASE\YFJC_EBP_SERVER_EXITS_CUSTOM.OBJ
C:\USERS\INFODBA\DESKTOP\BMIDE\C\LIBJCI6YJ6EXTS\LIBJCI6YJ6EXTS\X64\RELEASE\YFJC_EBP_REVISE_XSOINFO.OBJ
C:\USERS\INFODBA\DESKTOP\BMIDE\C\LIBJCI6YJ6EXTS\LIBJCI6YJ6EXTS\X64\RELEASE\YFJC_EBP_REMOVE_DEFAULT_ASSIGNEE.OBJ
C:\USERS\INFODBA\DESKTOP\BMIDE\C\LIBJCI6YJ6EXTS\LIBJCI6YJ6EXTS\X64\RELEASE\YFJC_EBP_REJECT_OVERDUE_TIMESHEET.OBJ
C:\USERS\INFODBA\DESKTOP\BMIDE\C\LIBJCI6YJ6EXTS\LIBJCI6YJ6EXTS\X64\RELEASE\YFJC_EBP_PROGRAMINFO_PROPERTY_SUM.OBJ
C:\USERS\INFODBA\DESKTOP\BMIDE\C\LIBJCI6YJ6EXTS\LIBJCI6YJ6EXTS\X64\RELEASE\YFJC_EBP_PROGRAMINFOEXT.OBJ
C:\USERS\INFODBA\DESKTOP\BMIDE\C\LIBJCI6YJ6EXTS\LIBJCI6YJ6EXTS\X64\RELEASE\YFJC_EBP_PRE_ACTIONS_FOR_NEW_PROJ.OBJ
C:\USERS\INFODBA\DESKTOP\BMIDE\C\LIBJCI6YJ6EXTS\LIBJCI6YJ6EXTS\X64\RELEASE\YFJC_EBP_POSTACTIONSFORNEWPROJ.OBJ
C:\USERS\INFODBA\DESKTOP\BMIDE\C\LIBJCI6YJ6EXTS\LIBJCI6YJ6EXTS\X64\RELEASE\YFJC_EBP_PEF_ITEMREV_POST_ACTION.OBJ
C:\USERS\INFODBA\DESKTOP\BMIDE\C\LIBJCI6YJ6EXTS\LIBJCI6YJ6EXTS\X64\RELEASE\YFJC_EBP_LIST_DIVISION.OBJ
C:\USERS\INFODBA\DESKTOP\BMIDE\C\LIBJCI6YJ6EXTS\LIBJCI6YJ6EXTS\X64\RELEASE\YFJC_EBP_ISLEADENGINEER.OBJ
C:\USERS\INFODBA\DESKTOP\BMIDE\C\LIBJCI6YJ6EXTS\LIBJCI6YJ6EXTS\X64\RELEASE\YFJC_EBP_IMPORTTIMELOG.OBJ
C:\USERS\INFODBA\DESKTOP\BMIDE\C\LIBJCI6YJ6EXTS\LIBJCI6YJ6EXTS\X64\RELEASE\YFJC_EBP_IMPORTPROGRAMINFO.OBJ
C:\USERS\INFODBA\DESKTOP\BMIDE\C\LIBJCI6YJ6EXTS\LIBJCI6YJ6EXTS\X64\RELEASE\YFJC_EBP_IMPORTPERSONPLAN.OBJ
C:\USERS\INFODBA\DESKTOP\BMIDE\C\LIBJCI6YJ6EXTS\LIBJCI6YJ6EXTS\X64\RELEASE\YFJC_EBP_IMPORTHYPERION.OBJ
C:\USERS\INFODBA\DESKTOP\BMIDE\C\LIBJCI6YJ6EXTS\LIBJCI6YJ6EXTS\X64\RELEASE\YFJC_EBP_HEAD.OBJ
C:\USERS\INFODBA\DESKTOP\BMIDE\C\LIBJCI6YJ6EXTS\LIBJCI6YJ6EXTS\X64\RELEASE\YFJC_EBP_GET_WORKINGDATES.OBJ
C:\USERS\INFODBA\DESKTOP\BMIDE\C\LIBJCI6YJ6EXTS\LIBJCI6YJ6EXTS\X64\RELEASE\YFJC_EBP_GETXSOREVINFO.OBJ
C:\USERS\INFODBA\DESKTOP\BMIDE\C\LIBJCI6YJ6EXTS\LIBJCI6YJ6EXTS\X64\RELEASE\YFJC_TRANSFER_TIMESHEETENTRY.OBJ
C:\USERS\INFODBA\DESKTOP\BMIDE\C\LIBJCI6YJ6EXTS\LIBJCI6YJ6EXTS\X64\RELEASE\YFJC_TRANSFER_FORECAST_COSTINFO.OBJ
C:\USERS\INFODBA\DESKTOP\BMIDE\C\LIBJCI6YJ6EXTS\LIBJCI6YJ6EXTS\X64\RELEASE\YFJC_TIME.OBJ
C:\USERS\INFODBA\DESKTOP\BMIDE\C\LIBJCI6YJ6EXTS\LIBJCI6YJ6EXTS\X64\RELEASE\YFJC_NOTIFY_WITH_SIGNOFF_REPORT.OBJ
C:\USERS\INFODBA\DESKTOP\BMIDE\C\LIBJCI6YJ6EXTS\LIBJCI6YJ6EXTS\X64\RELEASE\YFJC_EBP_USERSERVICE_UPDATE_PROGRAMINFO.OBJ
C:\USERS\INFODBA\DESKTOP\BMIDE\C\LIBJCI6YJ6EXTS\LIBJCI6YJ6EXTS\X64\RELEASE\YFJC_EBP_USERSERVICE_SETSIGNOFF.OBJ
C:\USERS\INFODBA\DESKTOP\BMIDE\C\LIBJCI6YJ6EXTS\LIBJCI6YJ6EXTS\X64\RELEASE\YFJC_EBP_USERSERVICE_CREATE_ITEM.OBJ
C:\USERS\INFODBA\DESKTOP\BMIDE\C\LIBJCI6YJ6EXTS\LIBJCI6YJ6EXTS\X64\RELEASE\YFJC_EBP_UPDATE_PROGRAMINFO_REOPENTIME_AND_PHASE0TIME.OBJ
C:\USERS\INFODBA\DESKTOP\BMIDE\C\LIBJCI6YJ6EXTS\LIBJCI6YJ6EXTS\X64\RELEASE\YFJC_EBP_UPDATEPROJINFOREVSTATUS.OBJ
C:\USERS\INFODBA\DESKTOP\BMIDE\C\LIBJCI6YJ6EXTS\LIBJCI6YJ6EXTS\X64\RELEASE\YFJC_EBP_UPDATEPROJCLOSEDATE.OBJ
C:\USERS\INFODBA\DESKTOP\BMIDE\C\LIBJCI6YJ6EXTS\LIBJCI6YJ6EXTS\X64\RELEASE\YFJC_EBP_UPDATECOSTAFTERLOGTIME.OBJ
C:\USERS\INFODBA\DESKTOP\BMIDE\C\LIBJCI6YJ6EXTS\LIBJCI6YJ6EXTS\X64\RELEASE\YFJC_EBP_TRANSTOCOSTINFO.OBJ
C:\USERS\INFODBA\DESKTOP\BMIDE\C\LIBJCI6YJ6EXTS\LIBJCI6YJ6EXTS\X64\RELEASE\YFJC_EBP_TIMESHEETENTRY_PROP.OBJ
C:\USERS\INFODBA\DESKTOP\BMIDE\C\LIBJCI6YJ6EXTS\LIBJCI6YJ6EXTS\X64\RELEASE\YFJC_EBP_TIMESHEETENTRY_ISOVERDUE.OBJ
C:\USERS\INFODBA\DESKTOP\BMIDE\C\LIBJCI6YJ6EXTS\LIBJCI6YJ6EXTS\X64\RELEASE\VC110.PDB
C:\Users\infodba\Desktop\BMIDE\C\libJCI6YJ6exts\x64\Release\libJCI6YJ6exts.lib
C:\Users\infodba\Desktop\BMIDE\C\libJCI6YJ6exts\x64\Release\libJCI6YJ6exts.exp
C:\USERS\INFODBA\DESKTOP\BMIDE\C\LIBJCI6YJ6EXTS\X64\RELEASE\LIBJCI6YJ6EXTS.DLL
C:\Users\infodba\Desktop\BMIDE\C\libJCI6YJ6exts\libJCI6YJ6exts\x64\Release\bmf_autoUpdateSOPFisYear.obj
C:\Users\infodba\Desktop\BMIDE\C\libJCI6YJ6exts\libJCI6YJ6exts\x64\Release\bmf_programinfo_change_closedate.obj
C:\Users\infodba\Desktop\BMIDE\C\libJCI6YJ6exts\libJCI6YJ6exts\x64\Release\bmf_set_programinfo_date.obj
C:\Users\infodba\Desktop\BMIDE\C\libJCI6YJ6exts\libJCI6YJ6exts\x64\Release\yfjc_assign_manager.obj
C:\Users\infodba\Desktop\BMIDE\C\libJCI6YJ6exts\libJCI6YJ6exts\x64\Release\yfjc_common_itk_util.obj
C:\Users\infodba\Desktop\BMIDE\C\libJCI6YJ6exts\libJCI6YJ6exts\x64\Release\yfjc_create_lcc_cost.obj
C:\Users\infodba\Desktop\BMIDE\C\libJCI6YJ6exts\libJCI6YJ6exts\x64\Release\yfjc_delete_lcc_cost.obj
C:\Users\infodba\Desktop\BMIDE\C\libJCI6YJ6exts\libJCI6YJ6exts\x64\Release\yfjc_ebp_ask_DesignReq_ValidValue.obj
C:\Users\infodba\Desktop\BMIDE\C\libJCI6YJ6exts\libJCI6YJ6exts\x64\Release\yfjc_ebp_ask_timesheetentry_hour.obj
C:\Users\infodba\Desktop\BMIDE\C\libJCI6YJ6exts\libJCI6YJ6exts\x64\Release\yfjc_ebp_automatic_calculation_EQU.obj
C:\Users\infodba\Desktop\BMIDE\C\libJCI6YJ6exts\libJCI6YJ6exts\x64\Release\yfjc_ebp_auto_assign_PEF.obj
C:\Users\infodba\Desktop\BMIDE\C\libJCI6YJ6exts\libJCI6YJ6exts\x64\Release\yfjc_ebp_auto_assign_PKR.obj
C:\Users\infodba\Desktop\BMIDE\C\libJCI6YJ6exts\libJCI6YJ6exts\x64\Release\yfjc_ebp_ccl_switch_objects.obj
C:\Users\infodba\Desktop\BMIDE\C\libJCI6YJ6exts\libJCI6YJ6exts\x64\Release\yfjc_ebp_check_overduelogtime.obj
C:\Users\infodba\Desktop\BMIDE\C\libJCI6YJ6exts\libJCI6YJ6exts\x64\Release\yfjc_ebp_custom_main.obj
C:\Users\infodba\Desktop\BMIDE\C\libJCI6YJ6exts\libJCI6YJ6exts\x64\Release\yfjc_ebp_deleteCostInfo_Handler.obj
C:\Users\infodba\Desktop\BMIDE\C\libJCI6YJ6exts\libJCI6YJ6exts\x64\Release\yfjc_ebp_Delete_schedule_task_check.obj
C:\Users\infodba\Desktop\BMIDE\C\libJCI6YJ6exts\libJCI6YJ6exts\x64\Release\yfjc_ebp_getDRCheckResult.obj
C:\Users\infodba\Desktop\BMIDE\C\libJCI6YJ6exts\libJCI6YJ6exts\x64\Release\yfjc_ebp_getXSOGBGRateValue.obj
C:\Users\infodba\Desktop\BMIDE\C\libJCI6YJ6exts\libJCI6YJ6exts\x64\Release\yfjc_ebp_getXSOReviewStatusValue.obj
C:\Users\infodba\Desktop\BMIDE\C\libJCI6YJ6exts\libJCI6YJ6exts\x64\Release\yfjc_ebp_getXSORevInfo.obj
C:\Users\infodba\Desktop\BMIDE\C\libJCI6YJ6exts\libJCI6YJ6exts\x64\Release\yfjc_ebp_get_workingdates.obj
C:\Users\infodba\Desktop\BMIDE\C\libJCI6YJ6exts\libJCI6YJ6exts\x64\Release\yfjc_ebp_head.obj
C:\Users\infodba\Desktop\BMIDE\C\libJCI6YJ6exts\libJCI6YJ6exts\x64\Release\yfjc_ebp_importhyperion.obj
C:\Users\infodba\Desktop\BMIDE\C\libJCI6YJ6exts\libJCI6YJ6exts\x64\Release\yfjc_ebp_importPersonPlan.obj
C:\Users\infodba\Desktop\BMIDE\C\libJCI6YJ6exts\libJCI6YJ6exts\x64\Release\yfjc_ebp_importProgramInfo.obj
C:\Users\infodba\Desktop\BMIDE\C\libJCI6YJ6exts\libJCI6YJ6exts\x64\Release\yfjc_ebp_importTimeLog.obj
C:\Users\infodba\Desktop\BMIDE\C\libJCI6YJ6exts\libJCI6YJ6exts\x64\Release\yfjc_ebp_isLeadEngineer.obj
C:\Users\infodba\Desktop\BMIDE\C\libJCI6YJ6exts\libJCI6YJ6exts\x64\Release\yfjc_ebp_list_division.obj
C:\Users\infodba\Desktop\BMIDE\C\libJCI6YJ6exts\libJCI6YJ6exts\x64\Release\yfjc_ebp_pef_itemrev_post_action.obj
C:\Users\infodba\Desktop\BMIDE\C\libJCI6YJ6exts\libJCI6YJ6exts\x64\Release\yfjc_ebp_postActionsForNewProj.obj
C:\Users\infodba\Desktop\BMIDE\C\libJCI6YJ6exts\libJCI6YJ6exts\x64\Release\yfjc_ebp_pre_actions_for_new_proj.obj
C:\Users\infodba\Desktop\BMIDE\C\libJCI6YJ6exts\libJCI6YJ6exts\x64\Release\yfjc_ebp_programInfoExt.obj
C:\Users\infodba\Desktop\BMIDE\C\libJCI6YJ6exts\libJCI6YJ6exts\x64\Release\yfjc_ebp_programinfo_property_sum.obj
C:\Users\infodba\Desktop\BMIDE\C\libJCI6YJ6exts\libJCI6YJ6exts\x64\Release\yfjc_ebp_reject_overdue_timesheet.obj
C:\Users\infodba\Desktop\BMIDE\C\libJCI6YJ6exts\libJCI6YJ6exts\x64\Release\yfjc_ebp_remove_default_assignee.obj
C:\Users\infodba\Desktop\BMIDE\C\libJCI6YJ6exts\libJCI6YJ6exts\x64\Release\yfjc_ebp_revise_XSOInfo.obj
C:\Users\infodba\Desktop\BMIDE\C\libJCI6YJ6exts\libJCI6YJ6exts\x64\Release\yfjc_ebp_server_exits_custom.obj
C:\Users\infodba\Desktop\BMIDE\C\libJCI6YJ6exts\libJCI6YJ6exts\x64\Release\yfjc_ebp_setXSODefaultDateValue.obj
C:\Users\infodba\Desktop\BMIDE\C\libJCI6YJ6exts\libJCI6YJ6exts\x64\Release\yfjc_ebp_timesheetEntryControl.obj
C:\Users\infodba\Desktop\BMIDE\C\libJCI6YJ6exts\libJCI6YJ6exts\x64\Release\yfjc_ebp_timesheetEntry_isOverDue.obj
C:\Users\infodba\Desktop\BMIDE\C\libJCI6YJ6exts\libJCI6YJ6exts\x64\Release\yfjc_ebp_timesheetEntry_prop.obj
C:\Users\infodba\Desktop\BMIDE\C\libJCI6YJ6exts\libJCI6YJ6exts\x64\Release\yfjc_ebp_transToCostInfo.obj
C:\Users\infodba\Desktop\BMIDE\C\libJCI6YJ6exts\libJCI6YJ6exts\x64\Release\yfjc_ebp_updateCostAfterLogTime.obj
C:\Users\infodba\Desktop\BMIDE\C\libJCI6YJ6exts\libJCI6YJ6exts\x64\Release\yfjc_ebp_updateProjCloseDate.obj
C:\Users\infodba\Desktop\BMIDE\C\libJCI6YJ6exts\libJCI6YJ6exts\x64\Release\yfjc_ebp_updateProjInfoRevStatus.obj
C:\Users\infodba\Desktop\BMIDE\C\libJCI6YJ6exts\libJCI6YJ6exts\x64\Release\yfjc_ebp_update_programinfo_reopenTime_and_phase0Time.obj
C:\Users\infodba\Desktop\BMIDE\C\libJCI6YJ6exts\libJCI6YJ6exts\x64\Release\yfjc_ebp_userservice_create_item.obj
C:\Users\infodba\Desktop\BMIDE\C\libJCI6YJ6exts\libJCI6YJ6exts\x64\Release\yfjc_ebp_userservice_setSignOff.obj
C:\Users\infodba\Desktop\BMIDE\C\libJCI6YJ6exts\libJCI6YJ6exts\x64\Release\yfjc_ebp_userservice_update_programinfo.obj
C:\Users\infodba\Desktop\BMIDE\C\libJCI6YJ6exts\libJCI6YJ6exts\x64\Release\yfjc_notify_with_signoff_report.obj
C:\Users\infodba\Desktop\BMIDE\C\libJCI6YJ6exts\libJCI6YJ6exts\x64\Release\yfjc_time.obj
C:\Users\infodba\Desktop\BMIDE\C\libJCI6YJ6exts\libJCI6YJ6exts\x64\Release\yfjc_transfer_forecast_costinfo.obj
C:\Users\infodba\Desktop\BMIDE\C\libJCI6YJ6exts\libJCI6YJ6exts\x64\Release\yfjc_transfer_timesheetentry.obj
C:\Users\infodba\Desktop\BMIDE\C\libJCI6YJ6exts\libJCI6YJ6exts\x64\Release\cl.command.1.tlog
C:\Users\infodba\Desktop\BMIDE\C\libJCI6YJ6exts\libJCI6YJ6exts\x64\Release\CL.read.1.tlog
C:\Users\infodba\Desktop\BMIDE\C\libJCI6YJ6exts\libJCI6YJ6exts\x64\Release\CL.write.1.tlog
C:\Users\infodba\Desktop\BMIDE\C\libJCI6YJ6exts\libJCI6YJ6exts\x64\Release\libJCI6YJ6exts.write.1.tlog
C:\Users\infodba\Desktop\BMIDE\C\libJCI6YJ6exts\libJCI6YJ6exts\x64\Release\link-cvtres.read.1.tlog
C:\Users\infodba\Desktop\BMIDE\C\libJCI6YJ6exts\libJCI6YJ6exts\x64\Release\link-cvtres.write.1.tlog
C:\Users\infodba\Desktop\BMIDE\C\libJCI6YJ6exts\libJCI6YJ6exts\x64\Release\link-rc.read.1.tlog
C:\Users\infodba\Desktop\BMIDE\C\libJCI6YJ6exts\libJCI6YJ6exts\x64\Release\link-rc.write.1.tlog
C:\Users\infodba\Desktop\BMIDE\C\libJCI6YJ6exts\libJCI6YJ6exts\x64\Release\link.command.1.tlog
C:\Users\infodba\Desktop\BMIDE\C\libJCI6YJ6exts\libJCI6YJ6exts\x64\Release\link.read.1.tlog
C:\Users\infodba\Desktop\BMIDE\C\libJCI6YJ6exts\libJCI6YJ6exts\x64\Release\link.write.1.tlog
C:\Users\infodba\Desktop\BMIDE\C\libJCI6YJ6exts\libJCI6YJ6exts\x64\Release\vc110.pdb
C:\Users\infodba\Desktop\BMIDE\C\libJCI6YJ6exts\x64\Release\libJCI6YJ6exts.dll
